IQ-TREE multicore version 2.0.3 for Linux 64-bit built Dec 20 2020
Developed by Bui Quang Minh, Nguyen Lam Tung, Olga Chernomor,
Heiko Schmidt, Dominik Schrempf, Michael Woodhams.

Host:    node2 (AVX512, FMA3, 188 GB RAM)
Command: iqtree -s Zm_LTRRT.rexdb-plant.cls.pep.RT.aln -bb 1000 -nt AUTO
Seed:    434937 (Using SPRNG - Scalable Parallel Random Number Generator)
Time:    Mon Nov  7 19:12:57 2022
Kernel:  AVX+FMA - auto-detect threads (64 CPU cores detected)

Reading alignment file Zm_LTRRT.rexdb-plant.cls.pep.RT.aln ... Fasta format detected
Alignment most likely contains protein sequences
Alignment has 518 sequences with 429 columns, 399 distinct patterns
293 parsimony-informative, 40 singleton sites, 96 constant sites
WARNING: Some sequence names are changed as follows:
TE_00008825_INT#LTR/Copia/Ale -> TE_00008825_INT_LTR/Copia/Ale
TE_00004209_INT#LTR/Copia/Ivana -> TE_00004209_INT_LTR/Copia/Ivana
TE_00010653_LTR#LTR/Copia/SIRE -> TE_00010653_LTR_LTR/Copia/SIRE
TE_00011518_INT#LTR/Copia/Ale -> TE_00011518_INT_LTR/Copia/Ale
TE_00003742_INT#LTR/Gypsy/Reina -> TE_00003742_INT_LTR/Gypsy/Reina
TE_00012995_INT#LTR/Gypsy/Reina -> TE_00012995_INT_LTR/Gypsy/Reina
TE_00011304_INT#LTR/Copia/Ale -> TE_00011304_INT_LTR/Copia/Ale
TE_00014843_INT#LTR/Gypsy/Ogre -> TE_00014843_INT_LTR/Gypsy/Ogre
TE_00008771_INT#LTR/Copia/Ale -> TE_00008771_INT_LTR/Copia/Ale
TE_00008058_INT#LTR/Gypsy/Retand -> TE_00008058_INT_LTR/Gypsy/Retand
TE_00011796_INT#LTR/Copia/Ikeros -> TE_00011796_INT_LTR/Copia/Ikeros
TE_00013860_INT#LTR/Gypsy/Reina -> TE_00013860_INT_LTR/Gypsy/Reina
TE_00012266_INT#LTR/Gypsy/Retand -> TE_00012266_INT_LTR/Gypsy/Retand
TE_00013795_INT#LTR/Gypsy/Retand -> TE_00013795_INT_LTR/Gypsy/Retand
TE_00011732_INT#LTR/Copia/Bianca -> TE_00011732_INT_LTR/Copia/Bianca
TE_00012638_INT#LTR/Gypsy/Retand -> TE_00012638_INT_LTR/Gypsy/Retand
TE_00012097_INT#LTR/Gypsy/Retand -> TE_00012097_INT_LTR/Gypsy/Retand
TE_00013874_INT#LTR/Gypsy/Reina -> TE_00013874_INT_LTR/Gypsy/Reina
TE_00008515_INT#LTR/Copia/Ivana -> TE_00008515_INT_LTR/Copia/Ivana
TE_00009935_INT#LTR/Copia/Bianca -> TE_00009935_INT_LTR/Copia/Bianca
TE_00004266_INT#LTR/Copia/Ale -> TE_00004266_INT_LTR/Copia/Ale
TE_00010600_INT#LTR/Copia/Bianca -> TE_00010600_INT_LTR/Copia/Bianca
TE_00002401_INT#LTR/Gypsy/Retand -> TE_00002401_INT_LTR/Gypsy/Retand
TE_00002069_INT#LTR/Copia/Ale -> TE_00002069_INT_LTR/Copia/Ale
TE_00008245_INT#LTR/Gypsy/Retand -> TE_00008245_INT_LTR/Gypsy/Retand
TE_00007425_INT#LTR/Gypsy/Reina -> TE_00007425_INT_LTR/Gypsy/Reina
TE_00002881_INT#LTR/Copia/Ale -> TE_00002881_INT_LTR/Copia/Ale
TE_00006990_INT#LTR/Gypsy/Retand -> TE_00006990_INT_LTR/Gypsy/Retand
TE_00007729_INT#LTR/Copia/Ale -> TE_00007729_INT_LTR/Copia/Ale
TE_00006711_INT#LTR/Copia/Bianca -> TE_00006711_INT_LTR/Copia/Bianca
TE_00010017_INT#LTR/Gypsy/Reina -> TE_00010017_INT_LTR/Gypsy/Reina
TE_00003866_INT#LTR/Gypsy/Tekay -> TE_00003866_INT_LTR/Gypsy/Tekay
TE_00014632_INT#LTR/Copia/Bianca -> TE_00014632_INT_LTR/Copia/Bianca
TE_00007198_INT#LTR/Gypsy/Reina -> TE_00007198_INT_LTR/Gypsy/Reina
TE_00007235_INT#LTR/Gypsy/Reina -> TE_00007235_INT_LTR/Gypsy/Reina
TE_00011654_INT#LTR/Gypsy/Reina -> TE_00011654_INT_LTR/Gypsy/Reina
TE_00001657_INT#LTR/Gypsy/Reina -> TE_00001657_INT_LTR/Gypsy/Reina
TE_00010729_INT#LTR/Copia/Ivana -> TE_00010729_INT_LTR/Copia/Ivana
TE_00013427_INT#LTR/Gypsy/Reina -> TE_00013427_INT_LTR/Gypsy/Reina
TE_00002280_INT#LTR/Gypsy/Reina -> TE_00002280_INT_LTR/Gypsy/Reina
TE_00006050_INT#LTR/Gypsy/Reina -> TE_00006050_INT_LTR/Gypsy/Reina
TE_00007589_INT#LTR/Gypsy/Reina -> TE_00007589_INT_LTR/Gypsy/Reina
TE_00005628_INT#LTR/Gypsy/Reina -> TE_00005628_INT_LTR/Gypsy/Reina
TE_00012617_INT#LTR/Copia/Ale -> TE_00012617_INT_LTR/Copia/Ale
TE_00003750_INT#LTR/Gypsy/Reina -> TE_00003750_INT_LTR/Gypsy/Reina
TE_00011822_INT#LTR/Copia/Ale -> TE_00011822_INT_LTR/Copia/Ale
TE_00009002_INT#LTR/Copia/Ale -> TE_00009002_INT_LTR/Copia/Ale
TE_00015366_INT#LTR/Gypsy/Reina -> TE_00015366_INT_LTR/Gypsy/Reina
TE_00009077_INT#LTR/Gypsy/Retand -> TE_00009077_INT_LTR/Gypsy/Retand
TE_00006602_INT#LTR/Gypsy/Reina -> TE_00006602_INT_LTR/Gypsy/Reina
TE_00011811_INT#LTR/Gypsy/Retand -> TE_00011811_INT_LTR/Gypsy/Retand
TE_00004809_INT#LTR/Copia/Ale -> TE_00004809_INT_LTR/Copia/Ale
TE_00007749_INT#LTR/Copia/Ale -> TE_00007749_INT_LTR/Copia/Ale
TE_00008886_INT#LTR/Copia/Bianca -> TE_00008886_INT_LTR/Copia/Bianca
TE_00011235_INT#LTR/Gypsy/Reina -> TE_00011235_INT_LTR/Gypsy/Reina
TE_00002106_INT#LTR/Gypsy/Reina -> TE_00002106_INT_LTR/Gypsy/Reina
TE_00002942_INT#LTR/Gypsy/Reina -> TE_00002942_INT_LTR/Gypsy/Reina
TE_00014481_INT#LTR/Copia/Bianca -> TE_00014481_INT_LTR/Copia/Bianca
TE_00002656_INT#LTR/Copia/Ale -> TE_00002656_INT_LTR/Copia/Ale
TE_00005606_INT#LTR/Gypsy/Reina -> TE_00005606_INT_LTR/Gypsy/Reina
TE_00008944_INT#LTR/Copia/Ale -> TE_00008944_INT_LTR/Copia/Ale
TE_00012015_INT#LTR/Gypsy/Reina -> TE_00012015_INT_LTR/Gypsy/Reina
TE_00014504_INT#LTR/Gypsy/Reina -> TE_00014504_INT_LTR/Gypsy/Reina
TE_00011931_INT#LTR/Gypsy/Reina -> TE_00011931_INT_LTR/Gypsy/Reina
TE_00013447_INT#LTR/Gypsy/Reina -> TE_00013447_INT_LTR/Gypsy/Reina
TE_00009508_INT#LTR/Copia/Ale -> TE_00009508_INT_LTR/Copia/Ale
TE_00010496_INT#LTR/Gypsy/Retand -> TE_00010496_INT_LTR/Gypsy/Retand
TE_00004254_INT#LTR/Gypsy/Reina -> TE_00004254_INT_LTR/Gypsy/Reina
TE_00011925_INT#LTR/Gypsy/Reina -> TE_00011925_INT_LTR/Gypsy/Reina
TE_00004232_INT#LTR/Gypsy/Reina -> TE_00004232_INT_LTR/Gypsy/Reina
TE_00002147_INT#LTR/Gypsy/Reina -> TE_00002147_INT_LTR/Gypsy/Reina
TE_00005098_INT#LTR/Gypsy/Retand -> TE_00005098_INT_LTR/Gypsy/Retand
TE_00014214_INT#LTR/Gypsy/Reina -> TE_00014214_INT_LTR/Gypsy/Reina
TE_00005529_INT#LTR/Gypsy/Reina -> TE_00005529_INT_LTR/Gypsy/Reina
TE_00006487_INT#LTR/Gypsy/Reina -> TE_00006487_INT_LTR/Gypsy/Reina
TE_00007279_INT#LTR/Gypsy/Reina -> TE_00007279_INT_LTR/Gypsy/Reina
TE_00012457_INT#LTR/Gypsy/Reina -> TE_00012457_INT_LTR/Gypsy/Reina
TE_00007335_INT#LTR/Gypsy/Tekay -> TE_00007335_INT_LTR/Gypsy/Tekay
TE_00005790_INT#LTR/Gypsy/Retand -> TE_00005790_INT_LTR/Gypsy/Retand
TE_00010879_LTR#LTR/Gypsy/Retand -> TE_00010879_LTR_LTR/Gypsy/Retand
TE_00009531_INT#LTR/Copia/Ivana -> TE_00009531_INT_LTR/Copia/Ivana
TE_00012681_INT#LTR/Copia/Ale -> TE_00012681_INT_LTR/Copia/Ale
TE_00012563_INT#LTR/Gypsy/Retand -> TE_00012563_INT_LTR/Gypsy/Retand
TE_00012592_INT#LTR/Gypsy/Reina -> TE_00012592_INT_LTR/Gypsy/Reina
TE_00013604_INT#LTR/Gypsy/Retand -> TE_00013604_INT_LTR/Gypsy/Retand
TE_00014110_INT#LTR/Copia/Ale -> TE_00014110_INT_LTR/Copia/Ale
TE_00006370_INT#LTR/Gypsy/Reina -> TE_00006370_INT_LTR/Gypsy/Reina
TE_00003195_INT#LTR/Copia/Ivana -> TE_00003195_INT_LTR/Copia/Ivana
TE_00011968_INT#LTR/Copia/Ivana -> TE_00011968_INT_LTR/Copia/Ivana
TE_00006464_INT#LTR/Copia/Ivana -> TE_00006464_INT_LTR/Copia/Ivana
TE_00002790_INT#LTR/Gypsy/Reina -> TE_00002790_INT_LTR/Gypsy/Reina
TE_00001864_INT#LTR/Copia/Ale -> TE_00001864_INT_LTR/Copia/Ale
TE_00001794_INT#LTR/Copia/Ivana -> TE_00001794_INT_LTR/Copia/Ivana
TE_00012551_INT#LTR/Copia/Ale -> TE_00012551_INT_LTR/Copia/Ale
TE_00002375_INT#LTR/Copia/Ale -> TE_00002375_INT_LTR/Copia/Ale
TE_00006698_INT#LTR/Gypsy/Reina -> TE_00006698_INT_LTR/Gypsy/Reina
TE_00014755_INT#LTR/Copia/Ale -> TE_00014755_INT_LTR/Copia/Ale
TE_00014292_INT#LTR/Gypsy/Retand -> TE_00014292_INT_LTR/Gypsy/Retand
TE_00014853_INT#LTR/Gypsy/Reina -> TE_00014853_INT_LTR/Gypsy/Reina
TE_00002428_INT#LTR/Gypsy/Reina -> TE_00002428_INT_LTR/Gypsy/Reina
TE_00004773_INT#LTR/Copia/Ale -> TE_00004773_INT_LTR/Copia/Ale
TE_00003861_INT#LTR/Gypsy/Reina -> TE_00003861_INT_LTR/Gypsy/Reina
TE_00007118_INT#LTR/Copia/Ale -> TE_00007118_INT_LTR/Copia/Ale
TE_00009066_INT#LTR/Gypsy/Retand -> TE_00009066_INT_LTR/Gypsy/Retand
TE_00003417_INT#LTR/Gypsy/Retand -> TE_00003417_INT_LTR/Gypsy/Retand
TE_00004412_INT#LTR/Gypsy/Reina -> TE_00004412_INT_LTR/Gypsy/Reina
TE_00006333_INT#LTR/Gypsy/Reina -> TE_00006333_INT_LTR/Gypsy/Reina
TE_00008862_INT#LTR/Gypsy/Reina -> TE_00008862_INT_LTR/Gypsy/Reina
TE_00002571_INT#LTR/Copia/Ale -> TE_00002571_INT_LTR/Copia/Ale
TE_00013340_INT#LTR/Copia/Ale -> TE_00013340_INT_LTR/Copia/Ale
TE_00004572_INT#LTR/Gypsy/Reina -> TE_00004572_INT_LTR/Gypsy/Reina
TE_00012192_INT#LTR/Copia/Bianca -> TE_00012192_INT_LTR/Copia/Bianca
TE_00003518_LTR#LTR/Copia/TAR -> TE_00003518_LTR_LTR/Copia/TAR
TE_00005523_INT#LTR/Gypsy/Reina -> TE_00005523_INT_LTR/Gypsy/Reina
TE_00008521_INT#LTR/Gypsy/Retand -> TE_00008521_INT_LTR/Gypsy/Retand
TE_00011357_INT#LTR/Gypsy/Reina -> TE_00011357_INT_LTR/Gypsy/Reina
TE_00014890_INT#LTR/Gypsy/Reina -> TE_00014890_INT_LTR/Gypsy/Reina
TE_00005651_INT#LTR/Copia/Ale -> TE_00005651_INT_LTR/Copia/Ale
TE_00007758_INT#LTR/Copia/Ale -> TE_00007758_INT_LTR/Copia/Ale
TE_00005086_INT#LTR/Gypsy/Reina -> TE_00005086_INT_LTR/Gypsy/Reina
TE_00007822_INT#LTR/Gypsy/Retand -> TE_00007822_INT_LTR/Gypsy/Retand
TE_00007739_INT#LTR/Gypsy/Reina -> TE_00007739_INT_LTR/Gypsy/Reina
TE_00011966_INT#LTR/Gypsy/Reina -> TE_00011966_INT_LTR/Gypsy/Reina
TE_00007117_INT#LTR/Copia/Ivana -> TE_00007117_INT_LTR/Copia/Ivana
TE_00007298_INT#LTR/Copia/Ale -> TE_00007298_INT_LTR/Copia/Ale
TE_00010168_INT#LTR/Copia/Ale -> TE_00010168_INT_LTR/Copia/Ale
TE_00005557_INT#LTR/Gypsy/Reina -> TE_00005557_INT_LTR/Gypsy/Reina
TE_00011607_INT#LTR/Gypsy/Reina -> TE_00011607_INT_LTR/Gypsy/Reina
TE_00005955_INT#LTR/Copia/Ivana -> TE_00005955_INT_LTR/Copia/Ivana
TE_00005140_INT#LTR/Gypsy/Reina -> TE_00005140_INT_LTR/Gypsy/Reina
TE_00006999_INT#LTR/Gypsy/Reina -> TE_00006999_INT_LTR/Gypsy/Reina
TE_00006847_INT#LTR/Copia/Ale -> TE_00006847_INT_LTR/Copia/Ale
TE_00010978_INT#LTR/Gypsy/Reina -> TE_00010978_INT_LTR/Gypsy/Reina
TE_00001784_INT#LTR/Gypsy/Retand -> TE_00001784_INT_LTR/Gypsy/Retand
TE_00010813_INT#LTR/Copia/Ivana -> TE_00010813_INT_LTR/Copia/Ivana
TE_00004504_INT#LTR/Gypsy/Retand -> TE_00004504_INT_LTR/Gypsy/Retand
TE_00002266_INT#LTR/Gypsy/Ogre -> TE_00002266_INT_LTR/Gypsy/Ogre
TE_00001519_INT#LTR/Gypsy/Reina -> TE_00001519_INT_LTR/Gypsy/Reina
TE_00010454_INT#LTR/Gypsy/Retand -> TE_00010454_INT_LTR/Gypsy/Retand
TE_00015056_INT#LTR/Gypsy/Retand -> TE_00015056_INT_LTR/Gypsy/Retand
TE_00007919_INT#LTR/Gypsy/Reina -> TE_00007919_INT_LTR/Gypsy/Reina
TE_00012405_INT#LTR/Gypsy/Retand -> TE_00012405_INT_LTR/Gypsy/Retand
TE_00009888_INT#LTR/Copia/Bianca -> TE_00009888_INT_LTR/Copia/Bianca
TE_00008762_INT#LTR/Gypsy/Reina -> TE_00008762_INT_LTR/Gypsy/Reina
TE_00006900_INT#LTR/Gypsy/Reina -> TE_00006900_INT_LTR/Gypsy/Reina
TE_00003165_INT#LTR/Copia/Ale -> TE_00003165_INT_LTR/Copia/Ale
TE_00013178_INT#LTR/Gypsy/Reina -> TE_00013178_INT_LTR/Gypsy/Reina
TE_00008273_INT#LTR/Copia/Ivana -> TE_00008273_INT_LTR/Copia/Ivana
TE_00010162_INT#LTR/Copia/Ale -> TE_00010162_INT_LTR/Copia/Ale
TE_00004681_INT#LTR/Gypsy/Reina -> TE_00004681_INT_LTR/Gypsy/Reina
TE_00012441_INT#LTR/Copia/Ale -> TE_00012441_INT_LTR/Copia/Ale
TE_00008146_INT#LTR/Gypsy/Reina -> TE_00008146_INT_LTR/Gypsy/Reina
TE_00001952_INT#LTR/Copia/Ivana -> TE_00001952_INT_LTR/Copia/Ivana
TE_00011120_INT#LTR/Gypsy/Retand -> TE_00011120_INT_LTR/Gypsy/Retand
TE_00012024_INT#LTR/Gypsy/Ogre -> TE_00012024_INT_LTR/Gypsy/Ogre
TE_00003371_INT#LTR/Gypsy/Reina -> TE_00003371_INT_LTR/Gypsy/Reina
TE_00003029_INT#LTR/Gypsy/Reina -> TE_00003029_INT_LTR/Gypsy/Reina
TE_00007068_INT#LTR/Gypsy/Ogre -> TE_00007068_INT_LTR/Gypsy/Ogre
TE_00008370_INT#LTR/Gypsy/Reina -> TE_00008370_INT_LTR/Gypsy/Reina
TE_00001520_INT#LTR/Copia/Ale -> TE_00001520_INT_LTR/Copia/Ale
TE_00007094_INT#LTR/Gypsy/Reina -> TE_00007094_INT_LTR/Gypsy/Reina
TE_00001543_INT#LTR/Gypsy/Reina -> TE_00001543_INT_LTR/Gypsy/Reina
TE_00003724_INT#LTR/Copia/Ale -> TE_00003724_INT_LTR/Copia/Ale
TE_00002716_INT#LTR/Copia/Ale -> TE_00002716_INT_LTR/Copia/Ale
TE_00005845_INT#LTR/Copia/Ale -> TE_00005845_INT_LTR/Copia/Ale
TE_00007371_INT#LTR/Gypsy/Reina -> TE_00007371_INT_LTR/Gypsy/Reina
TE_00004532_LTR#LTR/Gypsy/CRM -> TE_00004532_LTR_LTR/Gypsy/CRM
TE_00008120_INT#LTR/Gypsy/Retand -> TE_00008120_INT_LTR/Gypsy/Retand
TE_00012120_INT#LTR/Gypsy/Retand -> TE_00012120_INT_LTR/Gypsy/Retand
TE_00014975_INT#LTR/Gypsy/Retand -> TE_00014975_INT_LTR/Gypsy/Retand
TE_00008438_INT#LTR/Gypsy/Tekay -> TE_00008438_INT_LTR/Gypsy/Tekay
TE_00010010_INT#LTR/Copia/Ale -> TE_00010010_INT_LTR/Copia/Ale
TE_00011793_INT#LTR/Gypsy/Reina -> TE_00011793_INT_LTR/Gypsy/Reina
TE_00004659_INT#LTR/Gypsy/Retand -> TE_00004659_INT_LTR/Gypsy/Retand
TE_00011464_INT#LTR/Gypsy/Reina -> TE_00011464_INT_LTR/Gypsy/Reina
TE_00014670_LTR#LTR/Copia/SIRE -> TE_00014670_LTR_LTR/Copia/SIRE
TE_00002569_INT#LTR/Copia/Ale -> TE_00002569_INT_LTR/Copia/Ale
TE_00003215_INT#LTR/Gypsy/Retand -> TE_00003215_INT_LTR/Gypsy/Retand
TE_00004834_INT#LTR/Gypsy/Retand -> TE_00004834_INT_LTR/Gypsy/Retand
TE_00010687_INT#LTR/Copia/Ale -> TE_00010687_INT_LTR/Copia/Ale
TE_00014532_INT#LTR/Gypsy/Retand -> TE_00014532_INT_LTR/Gypsy/Retand
TE_00013510_INT#LTR/Copia/Bianca -> TE_00013510_INT_LTR/Copia/Bianca
TE_00006021_INT#LTR/Gypsy/Reina -> TE_00006021_INT_LTR/Gypsy/Reina
TE_00011576_INT#LTR/Gypsy/Retand -> TE_00011576_INT_LTR/Gypsy/Retand
TE_00013815_INT#LTR/Gypsy/Ogre -> TE_00013815_INT_LTR/Gypsy/Ogre
TE_00011089_INT#LTR/Gypsy/Reina -> TE_00011089_INT_LTR/Gypsy/Reina
TE_00004224_INT#LTR/Copia/Bianca -> TE_00004224_INT_LTR/Copia/Bianca
TE_00005690_INT#LTR/Copia/Ale -> TE_00005690_INT_LTR/Copia/Ale
TE_00004219_INT#LTR/Gypsy/Ogre -> TE_00004219_INT_LTR/Gypsy/Ogre
TE_00005831_INT#LTR/Gypsy/Reina -> TE_00005831_INT_LTR/Gypsy/Reina
TE_00012090_INT#LTR/Copia/Ivana -> TE_00012090_INT_LTR/Copia/Ivana
TE_00014882_INT#LTR/Gypsy/Reina -> TE_00014882_INT_LTR/Gypsy/Reina
TE_00012702_INT#LTR/Copia/Ale -> TE_00012702_INT_LTR/Copia/Ale
TE_00009562_INT#LTR/Gypsy/CRM -> TE_00009562_INT_LTR/Gypsy/CRM
TE_00006879_INT#LTR/Copia/Ale -> TE_00006879_INT_LTR/Copia/Ale
TE_00013046_INT#LTR/Copia/Ale -> TE_00013046_INT_LTR/Copia/Ale
TE_00009416_INT#LTR/Copia/Ale -> TE_00009416_INT_LTR/Copia/Ale
TE_00002182_INT#LTR/Copia/Ale -> TE_00002182_INT_LTR/Copia/Ale
TE_00014510_INT#LTR/Gypsy/Reina -> TE_00014510_INT_LTR/Gypsy/Reina
TE_00013963_INT#LTR/Gypsy/Reina -> TE_00013963_INT_LTR/Gypsy/Reina
TE_00003910_INT#LTR/Copia/Ale -> TE_00003910_INT_LTR/Copia/Ale
TE_00015102_INT#LTR/Copia/Ale -> TE_00015102_INT_LTR/Copia/Ale
TE_00006357_INT#LTR/Gypsy/CRM -> TE_00006357_INT_LTR/Gypsy/CRM
TE_00003345_INT#LTR/Gypsy/Reina -> TE_00003345_INT_LTR/Gypsy/Reina
TE_00004632_INT#LTR/Gypsy/Reina -> TE_00004632_INT_LTR/Gypsy/Reina
TE_00007532_INT#LTR/Gypsy/Reina -> TE_00007532_INT_LTR/Gypsy/Reina
TE_00011524_INT#LTR/Gypsy/Reina -> TE_00011524_INT_LTR/Gypsy/Reina
TE_00001659_INT#LTR/Copia/Ale -> TE_00001659_INT_LTR/Copia/Ale
TE_00014333_INT#LTR/Copia/Ale -> TE_00014333_INT_LTR/Copia/Ale
TE_00001559_INT#LTR/Copia/Ale -> TE_00001559_INT_LTR/Copia/Ale
TE_00005049_INT#LTR/Gypsy/Reina -> TE_00005049_INT_LTR/Gypsy/Reina
TE_00014852_INT#LTR/Gypsy/Reina -> TE_00014852_INT_LTR/Gypsy/Reina
TE_00013793_LTR#LTR/Copia/SIRE -> TE_00013793_LTR_LTR/Copia/SIRE
TE_00002994_INT#LTR/Gypsy/Reina -> TE_00002994_INT_LTR/Gypsy/Reina
TE_00012490_INT#LTR/Copia/Ale -> TE_00012490_INT_LTR/Copia/Ale
TE_00010569_INT#LTR/Gypsy/Reina -> TE_00010569_INT_LTR/Gypsy/Reina
TE_00007776_INT#LTR/Copia/Ivana -> TE_00007776_INT_LTR/Copia/Ivana
TE_00005643_INT#LTR/Copia/Ale -> TE_00005643_INT_LTR/Copia/Ale
TE_00005852_INT#LTR/Copia/Ivana -> TE_00005852_INT_LTR/Copia/Ivana
TE_00010975_INT#LTR/Gypsy/Retand -> TE_00010975_INT_LTR/Gypsy/Retand
TE_00009707_INT#LTR/Copia/Ale -> TE_00009707_INT_LTR/Copia/Ale
TE_00006853_INT#LTR/Copia/Ale -> TE_00006853_INT_LTR/Copia/Ale
TE_00001933_INT#LTR/Gypsy/Reina -> TE_00001933_INT_LTR/Gypsy/Reina
TE_00007184_INT#LTR/Gypsy/Reina -> TE_00007184_INT_LTR/Gypsy/Reina
TE_00003081_INT#LTR/Gypsy/Reina -> TE_00003081_INT_LTR/Gypsy/Reina
TE_00006880_INT#LTR/Gypsy/Reina -> TE_00006880_INT_LTR/Gypsy/Reina
TE_00014439_INT#LTR/Gypsy/CRM -> TE_00014439_INT_LTR/Gypsy/CRM
TE_00004088_INT#LTR/Gypsy/Reina -> TE_00004088_INT_LTR/Gypsy/Reina
TE_00005465_INT#LTR/Gypsy/CRM -> TE_00005465_INT_LTR/Gypsy/CRM
TE_00008338_INT#LTR/Copia/Ale -> TE_00008338_INT_LTR/Copia/Ale
TE_00004361_INT#LTR/Copia/Bianca -> TE_00004361_INT_LTR/Copia/Bianca
TE_00007585_INT#LTR/Gypsy/Reina -> TE_00007585_INT_LTR/Gypsy/Reina
TE_00007610_INT#LTR/Copia/Ale -> TE_00007610_INT_LTR/Copia/Ale
TE_00005753_INT#LTR/Gypsy/Reina -> TE_00005753_INT_LTR/Gypsy/Reina
TE_00013128_INT#LTR/Gypsy/Reina -> TE_00013128_INT_LTR/Gypsy/Reina
TE_00015338_INT#LTR/Copia/Ale -> TE_00015338_INT_LTR/Copia/Ale
TE_00004750_INT#LTR/Copia/Ale -> TE_00004750_INT_LTR/Copia/Ale
TE_00007744_INT#LTR/Copia/Ale -> TE_00007744_INT_LTR/Copia/Ale
TE_00004452_INT#LTR/Gypsy/Reina -> TE_00004452_INT_LTR/Gypsy/Reina
TE_00000624_INT#LTR/Copia/Bianca -> TE_00000624_INT_LTR/Copia/Bianca
TE_00001845_INT#LTR/Copia/Ale -> TE_00001845_INT_LTR/Copia/Ale
TE_00011905_INT#LTR/Gypsy/Reina -> TE_00011905_INT_LTR/Gypsy/Reina
TE_00002015_INT#LTR/Gypsy/Ogre -> TE_00002015_INT_LTR/Gypsy/Ogre
TE_00012996_INT#LTR/Gypsy/Tekay -> TE_00012996_INT_LTR/Gypsy/Tekay
TE_00003640_INT#LTR/Gypsy/Retand -> TE_00003640_INT_LTR/Gypsy/Retand
TE_00012650_INT#LTR/Gypsy/Retand -> TE_00012650_INT_LTR/Gypsy/Retand
TE_00009943_INT#LTR/Copia/Ivana -> TE_00009943_INT_LTR/Copia/Ivana
TE_00014112_INT#LTR/Copia/Bianca -> TE_00014112_INT_LTR/Copia/Bianca
TE_00004719_INT#LTR/Copia/Bianca -> TE_00004719_INT_LTR/Copia/Bianca
TE_00001912_INT#LTR/Gypsy/Retand -> TE_00001912_INT_LTR/Gypsy/Retand
TE_00012836_INT#LTR/Copia/Ivana -> TE_00012836_INT_LTR/Copia/Ivana
TE_00004201_INT#LTR/Copia/Ale -> TE_00004201_INT_LTR/Copia/Ale
TE_00012504_INT#LTR/Copia/Bianca -> TE_00012504_INT_LTR/Copia/Bianca
TE_00009533_INT#LTR/Gypsy/Retand -> TE_00009533_INT_LTR/Gypsy/Retand
TE_00015007_INT#LTR/Gypsy/Retand -> TE_00015007_INT_LTR/Gypsy/Retand
TE_00003729_INT#LTR/Copia/Ale -> TE_00003729_INT_LTR/Copia/Ale
TE_00009628_INT#LTR/Copia/Ivana -> TE_00009628_INT_LTR/Copia/Ivana
TE_00003448_INT#LTR/Copia/Ale -> TE_00003448_INT_LTR/Copia/Ale
TE_00010960_INT#LTR/Gypsy/Reina -> TE_00010960_INT_LTR/Gypsy/Reina
TE_00012313_INT#LTR/Copia/Ikeros -> TE_00012313_INT_LTR/Copia/Ikeros
TE_00009869_INT#LTR/Gypsy/Retand -> TE_00009869_INT_LTR/Gypsy/Retand
TE_00015070_INT#LTR/Gypsy/Reina -> TE_00015070_INT_LTR/Gypsy/Reina
TE_00012248_INT#LTR/Gypsy/Reina -> TE_00012248_INT_LTR/Gypsy/Reina
TE_00011450_INT#LTR/Gypsy/Retand -> TE_00011450_INT_LTR/Gypsy/Retand
TE_00003512_INT#LTR/Gypsy/Reina -> TE_00003512_INT_LTR/Gypsy/Reina
TE_00010951_INT#LTR/Copia/Ale -> TE_00010951_INT_LTR/Copia/Ale
TE_00004880_INT#LTR/Copia/Ale -> TE_00004880_INT_LTR/Copia/Ale
TE_00008815_INT#LTR/Copia/Bianca -> TE_00008815_INT_LTR/Copia/Bianca
TE_00013723_INT#LTR/Gypsy/Reina -> TE_00013723_INT_LTR/Gypsy/Reina
TE_00002002_INT#LTR/Copia/Ale -> TE_00002002_INT_LTR/Copia/Ale
TE_00003317_INT#LTR/Gypsy/Retand -> TE_00003317_INT_LTR/Gypsy/Retand
TE_00007730_INT#LTR/Gypsy/Retand -> TE_00007730_INT_LTR/Gypsy/Retand
TE_00005781_INT#LTR/Copia/Bianca -> TE_00005781_INT_LTR/Copia/Bianca
TE_00013554_INT#LTR/Gypsy/Retand -> TE_00013554_INT_LTR/Gypsy/Retand
TE_00014881_INT#LTR/Copia/Ale -> TE_00014881_INT_LTR/Copia/Ale
TE_00003343_INT#LTR/Gypsy/Reina -> TE_00003343_INT_LTR/Gypsy/Reina
TE_00009969_INT#LTR/Gypsy/Retand -> TE_00009969_INT_LTR/Gypsy/Retand
TE_00013368_INT#LTR/Gypsy/Reina -> TE_00013368_INT_LTR/Gypsy/Reina
TE_00009196_INT#LTR/Gypsy/Tekay -> TE_00009196_INT_LTR/Gypsy/Tekay
TE_00013333_INT#LTR/Copia/Ale -> TE_00013333_INT_LTR/Copia/Ale
TE_00002406_INT#LTR/Copia/Ale -> TE_00002406_INT_LTR/Copia/Ale
TE_00010972_INT#LTR/Copia/Ale -> TE_00010972_INT_LTR/Copia/Ale
TE_00004073_INT#LTR/Copia/Ale -> TE_00004073_INT_LTR/Copia/Ale
TE_00013812_INT#LTR/Copia/Ale -> TE_00013812_INT_LTR/Copia/Ale
TE_00013810_INT#LTR/Copia/Ale -> TE_00013810_INT_LTR/Copia/Ale
TE_00002051_INT#LTR/Gypsy/Reina -> TE_00002051_INT_LTR/Gypsy/Reina
TE_00010737_INT#LTR/Gypsy/Reina -> TE_00010737_INT_LTR/Gypsy/Reina
TE_00012129_INT#LTR/Gypsy/Retand -> TE_00012129_INT_LTR/Gypsy/Retand
TE_00002499_INT#LTR/Gypsy/Reina -> TE_00002499_INT_LTR/Gypsy/Reina
TE_00006980_LTR#LTR/Copia/SIRE -> TE_00006980_LTR_LTR/Copia/SIRE
TE_00002806_INT#LTR/Copia/Bianca -> TE_00002806_INT_LTR/Copia/Bianca
TE_00013702_INT#LTR/Gypsy/Retand -> TE_00013702_INT_LTR/Gypsy/Retand
TE_00003469_INT#LTR/Copia/Ale -> TE_00003469_INT_LTR/Copia/Ale
TE_00013006_INT#LTR/Gypsy/Retand -> TE_00013006_INT_LTR/Gypsy/Retand
TE_00011609_INT#LTR/Gypsy/Reina -> TE_00011609_INT_LTR/Gypsy/Reina
TE_00004168_INT#LTR/Gypsy/Retand -> TE_00004168_INT_LTR/Gypsy/Retand
TE_00014586_INT#LTR/Copia/Ikeros -> TE_00014586_INT_LTR/Copia/Ikeros
TE_00012368_LTR#LTR/Copia/SIRE -> TE_00012368_LTR_LTR/Copia/SIRE
TE_00008166_INT#LTR/Gypsy/Reina -> TE_00008166_INT_LTR/Gypsy/Reina
TE_00004623_INT#LTR/Gypsy/Retand -> TE_00004623_INT_LTR/Gypsy/Retand
TE_00014415_INT#LTR/Gypsy/Reina -> TE_00014415_INT_LTR/Gypsy/Reina
TE_00006794_INT#LTR/Copia/Ivana -> TE_00006794_INT_LTR/Copia/Ivana
TE_00009972_INT#LTR/Copia/Ale -> TE_00009972_INT_LTR/Copia/Ale
TE_00009392_INT#LTR/Copia/Ale -> TE_00009392_INT_LTR/Copia/Ale
TE_00001567_INT#LTR/Gypsy/Reina -> TE_00001567_INT_LTR/Gypsy/Reina
TE_00015008_INT#LTR/Copia/Ale -> TE_00015008_INT_LTR/Copia/Ale
TE_00010337_INT#LTR/Copia/Ivana -> TE_00010337_INT_LTR/Copia/Ivana
TE_00005866_INT#LTR/Gypsy/Reina -> TE_00005866_INT_LTR/Gypsy/Reina
TE_00011846_INT#LTR/Gypsy/Reina -> TE_00011846_INT_LTR/Gypsy/Reina
TE_00005277_INT#LTR/Gypsy/Retand -> TE_00005277_INT_LTR/Gypsy/Retand
TE_00003943_INT#LTR/Copia/Ale -> TE_00003943_INT_LTR/Copia/Ale
TE_00002967_INT#LTR/Gypsy/Reina -> TE_00002967_INT_LTR/Gypsy/Reina
TE_00014683_INT#LTR/Gypsy/Reina -> TE_00014683_INT_LTR/Gypsy/Reina
TE_00008432_INT#LTR/Gypsy/Retand -> TE_00008432_INT_LTR/Gypsy/Retand
TE_00012165_INT#LTR/Copia/Ale -> TE_00012165_INT_LTR/Copia/Ale
TE_00008119_INT#LTR/Gypsy/Retand -> TE_00008119_INT_LTR/Gypsy/Retand
TE_00009363_INT#LTR/Gypsy/Retand -> TE_00009363_INT_LTR/Gypsy/Retand
TE_00009481_INT#LTR/Gypsy/Reina -> TE_00009481_INT_LTR/Gypsy/Reina
TE_00012466_INT#LTR/Copia/Ivana -> TE_00012466_INT_LTR/Copia/Ivana
TE_00012150_INT#LTR/Copia/Bianca -> TE_00012150_INT_LTR/Copia/Bianca
TE_00007432_INT#LTR/Gypsy/Reina -> TE_00007432_INT_LTR/Gypsy/Reina
TE_00010491_INT#LTR/Copia/Ale -> TE_00010491_INT_LTR/Copia/Ale
TE_00012461_INT#LTR/Gypsy/Reina -> TE_00012461_INT_LTR/Gypsy/Reina
TE_00012625_INT#LTR/Gypsy/Reina -> TE_00012625_INT_LTR/Gypsy/Reina
TE_00011982_INT#LTR/Copia/Ikeros -> TE_00011982_INT_LTR/Copia/Ikeros
TE_00010734_INT#LTR/Copia/Ale -> TE_00010734_INT_LTR/Copia/Ale
TE_00002516_INT#LTR/Gypsy/Retand -> TE_00002516_INT_LTR/Gypsy/Retand
TE_00007179_INT#LTR/Copia/Ale -> TE_00007179_INT_LTR/Copia/Ale
TE_00010223_INT#LTR/Gypsy/Reina -> TE_00010223_INT_LTR/Gypsy/Reina
TE_00014866_INT#LTR/Copia/Ale -> TE_00014866_INT_LTR/Copia/Ale
TE_00007466_INT#LTR/Copia/Ale -> TE_00007466_INT_LTR/Copia/Ale
TE_00008623_INT#LTR/Gypsy/Ogre -> TE_00008623_INT_LTR/Gypsy/Ogre
TE_00012128_INT#LTR/Gypsy/Reina -> TE_00012128_INT_LTR/Gypsy/Reina
TE_00004666_INT#LTR/Gypsy/Reina -> TE_00004666_INT_LTR/Gypsy/Reina
TE_00012320_INT#LTR/Copia/Ale -> TE_00012320_INT_LTR/Copia/Ale
TE_00012965_INT#LTR/Gypsy/Retand -> TE_00012965_INT_LTR/Gypsy/Retand
TE_00009514_INT#LTR/Copia/Ale -> TE_00009514_INT_LTR/Copia/Ale
TE_00007185_INT#LTR/Copia/Angela -> TE_00007185_INT_LTR/Copia/Angela
TE_00012486_INT#LTR/Copia/Ale -> TE_00012486_INT_LTR/Copia/Ale
TE_00008649_INT#LTR/Gypsy/CRM -> TE_00008649_INT_LTR/Gypsy/CRM
TE_00001586_INT#LTR/Copia/Ale -> TE_00001586_INT_LTR/Copia/Ale
TE_00011260_INT#LTR/Gypsy/Retand -> TE_00011260_INT_LTR/Gypsy/Retand
TE_00012482_INT#LTR/Copia/Ikeros -> TE_00012482_INT_LTR/Copia/Ikeros
TE_00012184_INT#LTR/Gypsy/Reina -> TE_00012184_INT_LTR/Gypsy/Reina
TE_00010489_INT#LTR/Gypsy/Reina -> TE_00010489_INT_LTR/Gypsy/Reina
TE_00007629_INT#LTR/Gypsy/Retand -> TE_00007629_INT_LTR/Gypsy/Retand
TE_00005910_INT#LTR/Gypsy/Reina -> TE_00005910_INT_LTR/Gypsy/Reina
TE_00012245_INT#LTR/Gypsy/Reina -> TE_00012245_INT_LTR/Gypsy/Reina
TE_00012340_INT#LTR/Gypsy/Reina -> TE_00012340_INT_LTR/Gypsy/Reina
TE_00009470_INT#LTR/Copia/Ikeros -> TE_00009470_INT_LTR/Copia/Ikeros
TE_00001498_INT#LTR/Gypsy/Reina -> TE_00001498_INT_LTR/Gypsy/Reina
TE_00005637_INT#LTR/Gypsy/Reina -> TE_00005637_INT_LTR/Gypsy/Reina
TE_00009593_INT#LTR/Gypsy/Reina -> TE_00009593_INT_LTR/Gypsy/Reina
TE_00013661_INT#LTR/Gypsy/Reina -> TE_00013661_INT_LTR/Gypsy/Reina
TE_00010007_INT#LTR/Copia/Ikeros -> TE_00010007_INT_LTR/Copia/Ikeros
TE_00013402_INT#LTR/Gypsy/Reina -> TE_00013402_INT_LTR/Gypsy/Reina
TE_00003053_INT#LTR/Gypsy/Retand -> TE_00003053_INT_LTR/Gypsy/Retand
TE_00000069_INT#LTR/Gypsy/Reina -> TE_00000069_INT_LTR/Gypsy/Reina
TE_00007385_LTR#LTR/Copia/SIRE -> TE_00007385_LTR_LTR/Copia/SIRE
TE_00009937_INT#LTR/Gypsy/Retand -> TE_00009937_INT_LTR/Gypsy/Retand
TE_00005228_INT#LTR/Copia/Ale -> TE_00005228_INT_LTR/Copia/Ale
TE_00002978_INT#LTR/Gypsy/Retand -> TE_00002978_INT_LTR/Gypsy/Retand
TE_00010645_LTR#LTR/Gypsy/Tekay -> TE_00010645_LTR_LTR/Gypsy/Tekay
TE_00009252_INT#LTR/Copia/Ale -> TE_00009252_INT_LTR/Copia/Ale
TE_00010065_INT#LTR/Copia/Ale -> TE_00010065_INT_LTR/Copia/Ale
TE_00004489_INT#LTR/Copia/Ale -> TE_00004489_INT_LTR/Copia/Ale
TE_00004085_INT#LTR/Gypsy/Reina -> TE_00004085_INT_LTR/Gypsy/Reina
TE_00004071_INT#LTR/Copia/Ale -> TE_00004071_INT_LTR/Copia/Ale
TE_00003252_INT#LTR/Gypsy/Reina -> TE_00003252_INT_LTR/Gypsy/Reina
TE_00003415_INT#LTR/Copia/Ale -> TE_00003415_INT_LTR/Copia/Ale
TE_00001715_INT#LTR/Copia/Ale -> TE_00001715_INT_LTR/Copia/Ale
TE_00001475_INT#LTR/Gypsy/Retand -> TE_00001475_INT_LTR/Gypsy/Retand
TE_00006213_LTR#LTR/Gypsy/Tekay -> TE_00006213_LTR_LTR/Gypsy/Tekay
TE_00011670_INT#LTR/Copia/Ale -> TE_00011670_INT_LTR/Copia/Ale
TE_00003717_INT#LTR/Gypsy/Reina -> TE_00003717_INT_LTR/Gypsy/Reina
TE_00004668_INT#LTR/Copia/Bianca -> TE_00004668_INT_LTR/Copia/Bianca
TE_00004196_INT#LTR/Gypsy/Reina -> TE_00004196_INT_LTR/Gypsy/Reina
TE_00002213_LTR#LTR/Copia/SIRE -> TE_00002213_LTR_LTR/Copia/SIRE
TE_00013008_INT#LTR/Copia/Ale -> TE_00013008_INT_LTR/Copia/Ale
TE_00002500_INT#LTR/Gypsy/Reina -> TE_00002500_INT_LTR/Gypsy/Reina
TE_00004927_INT#LTR/Copia/Ale -> TE_00004927_INT_LTR/Copia/Ale
TE_00012108_INT#LTR/Copia/Ale -> TE_00012108_INT_LTR/Copia/Ale
TE_00014377_INT#LTR/Gypsy/Reina -> TE_00014377_INT_LTR/Gypsy/Reina
TE_00007087_INT#LTR/Copia/Ivana -> TE_00007087_INT_LTR/Copia/Ivana
TE_00014930_INT#LTR/Gypsy/Retand -> TE_00014930_INT_LTR/Gypsy/Retand
TE_00005618_INT#LTR/Gypsy/CRM -> TE_00005618_INT_LTR/Gypsy/CRM
TE_00002914_INT#LTR/Gypsy/Reina -> TE_00002914_INT_LTR/Gypsy/Reina
TE_00003094_INT#LTR/Gypsy/Reina -> TE_00003094_INT_LTR/Gypsy/Reina
TE_00013067_INT#LTR/Copia/Ikeros -> TE_00013067_INT_LTR/Copia/Ikeros
TE_00002219_INT#LTR/Gypsy/Reina -> TE_00002219_INT_LTR/Gypsy/Reina
TE_00009483_INT#LTR/Gypsy/Reina -> TE_00009483_INT_LTR/Gypsy/Reina
TE_00014528_INT#LTR/Copia/Ale -> TE_00014528_INT_LTR/Copia/Ale
TE_00006111_INT#LTR/Gypsy/Reina -> TE_00006111_INT_LTR/Gypsy/Reina
TE_00005490_INT#LTR/Gypsy/Reina -> TE_00005490_INT_LTR/Gypsy/Reina
TE_00011467_INT#LTR/Copia/Ivana -> TE_00011467_INT_LTR/Copia/Ivana
TE_00010455_INT#LTR/Gypsy/Reina -> TE_00010455_INT_LTR/Gypsy/Reina
TE_00007998_INT#LTR/Gypsy/Reina -> TE_00007998_INT_LTR/Gypsy/Reina
TE_00009993_INT#LTR/Copia/Bianca -> TE_00009993_INT_LTR/Copia/Bianca
TE_00007836_INT#LTR/Gypsy/Retand -> TE_00007836_INT_LTR/Gypsy/Retand
TE_00013420_INT#LTR/Gypsy/Reina -> TE_00013420_INT_LTR/Gypsy/Reina
TE_00005869_INT#LTR/Copia/Bianca -> TE_00005869_INT_LTR/Copia/Bianca
TE_00001893_INT#LTR/Copia/Ale -> TE_00001893_INT_LTR/Copia/Ale
TE_00012534_INT#LTR/Gypsy/Ogre -> TE_00012534_INT_LTR/Gypsy/Ogre
TE_00014051_INT#LTR/Copia/Ale -> TE_00014051_INT_LTR/Copia/Ale
TE_00001043_INT#LTR/Gypsy/Ogre -> TE_00001043_INT_LTR/Gypsy/Ogre
TE_00011799_INT#LTR/Copia/Ale -> TE_00011799_INT_LTR/Copia/Ale
TE_00012072_INT#LTR/Copia/Ivana -> TE_00012072_INT_LTR/Copia/Ivana
TE_00006071_INT#LTR/Gypsy/Retand -> TE_00006071_INT_LTR/Gypsy/Retand
TE_00012692_INT#LTR/Gypsy/Reina -> TE_00012692_INT_LTR/Gypsy/Reina
TE_00013313_INT#LTR/Gypsy/Reina -> TE_00013313_INT_LTR/Gypsy/Reina
TE_00012697_INT#LTR/Copia/Ale -> TE_00012697_INT_LTR/Copia/Ale
TE_00012867_INT#LTR/Gypsy/Reina -> TE_00012867_INT_LTR/Gypsy/Reina
TE_00006351_INT#LTR/Copia/Ale -> TE_00006351_INT_LTR/Copia/Ale
TE_00003360_INT#LTR/Gypsy/Retand -> TE_00003360_INT_LTR/Gypsy/Retand
TE_00002101_INT#LTR/Gypsy/Reina -> TE_00002101_INT_LTR/Gypsy/Reina
TE_00014572_INT#LTR/Copia/Ale -> TE_00014572_INT_LTR/Copia/Ale
TE_00001854_INT#LTR/Copia/Ale -> TE_00001854_INT_LTR/Copia/Ale
TE_00009316_INT#LTR/Gypsy/Reina -> TE_00009316_INT_LTR/Gypsy/Reina
TE_00012046_INT#LTR/Gypsy/Retand -> TE_00012046_INT_LTR/Gypsy/Retand
TE_00013823_INT#LTR/Copia/Ale -> TE_00013823_INT_LTR/Copia/Ale
TE_00002367_INT#LTR/Copia/Ale -> TE_00002367_INT_LTR/Copia/Ale
TE_00009834_INT#LTR/Gypsy/Reina -> TE_00009834_INT_LTR/Gypsy/Reina
TE_00011321_INT#LTR/Gypsy/Reina -> TE_00011321_INT_LTR/Gypsy/Reina
TE_00008718_INT#LTR/Copia/Ale -> TE_00008718_INT_LTR/Copia/Ale
TE_00005088_INT#LTR/Copia/Ale -> TE_00005088_INT_LTR/Copia/Ale
TE_00014884_INT#LTR/Gypsy/Reina -> TE_00014884_INT_LTR/Gypsy/Reina
TE_00005842_INT#LTR/Gypsy/Reina -> TE_00005842_INT_LTR/Gypsy/Reina
TE_00008703_INT#LTR/Gypsy/Reina -> TE_00008703_INT_LTR/Gypsy/Reina
TE_00004152_INT#LTR/Gypsy/Retand -> TE_00004152_INT_LTR/Gypsy/Retand
TE_00004264_INT#LTR/Gypsy/Reina -> TE_00004264_INT_LTR/Gypsy/Reina
TE_00003624_INT#LTR/Gypsy/Tekay -> TE_00003624_INT_LTR/Gypsy/Tekay
TE_00013248_INT#LTR/Gypsy/Reina -> TE_00013248_INT_LTR/Gypsy/Reina
TE_00014808_INT#LTR/Copia/Ale -> TE_00014808_INT_LTR/Copia/Ale
TE_00007199_INT#LTR/Gypsy/Retand -> TE_00007199_INT_LTR/Gypsy/Retand
TE_00013870_INT#LTR/Copia/Ale -> TE_00013870_INT_LTR/Copia/Ale
TE_00006267_INT#LTR/Copia/Angela -> TE_00006267_INT_LTR/Copia/Angela
TE_00008351_INT#LTR/Gypsy/Retand -> TE_00008351_INT_LTR/Gypsy/Retand
TE_00001580_INT#LTR/Gypsy/Reina -> TE_00001580_INT_LTR/Gypsy/Reina
TE_00003670_INT#LTR/Copia/Ale -> TE_00003670_INT_LTR/Copia/Ale
TE_00010505_INT#LTR/Gypsy/Reina -> TE_00010505_INT_LTR/Gypsy/Reina
TE_00004119_INT#LTR/Gypsy/Ogre -> TE_00004119_INT_LTR/Gypsy/Ogre
TE_00010592_INT#LTR/Gypsy/Reina -> TE_00010592_INT_LTR/Gypsy/Reina
TE_00011928_INT#LTR/Gypsy/Retand -> TE_00011928_INT_LTR/Gypsy/Retand
TE_00005121_INT#LTR/Gypsy/Retand -> TE_00005121_INT_LTR/Gypsy/Retand
TE_00003801_INT#LTR/Gypsy/Ogre -> TE_00003801_INT_LTR/Gypsy/Ogre
TE_00009397_INT#LTR/Copia/Bianca -> TE_00009397_INT_LTR/Copia/Bianca
TE_00006039_INT#LTR/Copia/Ivana -> TE_00006039_INT_LTR/Copia/Ivana
TE_00005248_INT#LTR/Gypsy/Reina -> TE_00005248_INT_LTR/Gypsy/Reina
TE_00008540_INT#LTR/Copia/Ivana -> TE_00008540_INT_LTR/Copia/Ivana
TE_00003532_INT#LTR/Gypsy/CRM -> TE_00003532_INT_LTR/Gypsy/CRM
TE_00001421_INT#LTR/Copia/Ale -> TE_00001421_INT_LTR/Copia/Ale
TE_00001550_INT#LTR/Gypsy/Reina -> TE_00001550_INT_LTR/Gypsy/Reina
TE_00008733_INT#LINE -> TE_00008733_INT_LINE
TE_00010894_INT#LTR/Copia/Bianca -> TE_00010894_INT_LTR/Copia/Bianca
TE_00007274_INT#LTR/Gypsy/Reina -> TE_00007274_INT_LTR/Gypsy/Reina
TE_00005512_INT#LTR/Gypsy/Reina -> TE_00005512_INT_LTR/Gypsy/Reina
TE_00008650_INT#LTR/Gypsy/Retand -> TE_00008650_INT_LTR/Gypsy/Retand
TE_00011998_INT#LTR/Gypsy/Reina -> TE_00011998_INT_LTR/Gypsy/Reina
TE_00003170_INT#LTR/Gypsy/Reina -> TE_00003170_INT_LTR/Gypsy/Reina
TE_00011878_INT#LTR/Gypsy/Reina -> TE_00011878_INT_LTR/Gypsy/Reina
TE_00011115_INT#LTR/Copia/Ale -> TE_00011115_INT_LTR/Copia/Ale
TE_00008231_INT#LTR/Gypsy/Retand -> TE_00008231_INT_LTR/Gypsy/Retand
TE_00002687_INT#LTR/Copia/Ale -> TE_00002687_INT_LTR/Copia/Ale
TE_00006751_INT#LTR/Gypsy/Reina -> TE_00006751_INT_LTR/Gypsy/Reina
TE_00003020_INT#LTR/Gypsy/Reina -> TE_00003020_INT_LTR/Gypsy/Reina
TE_00008670_INT#LTR/Gypsy/Retand -> TE_00008670_INT_LTR/Gypsy/Retand
TE_00008928_INT#LTR/Gypsy/Retand -> TE_00008928_INT_LTR/Gypsy/Retand
TE_00001936_INT#LTR/Gypsy/Reina -> TE_00001936_INT_LTR/Gypsy/Reina
TE_00005092_INT#LTR/Gypsy/Retand -> TE_00005092_INT_LTR/Gypsy/Retand
TE_00012789_INT#LTR/Copia/Ale -> TE_00012789_INT_LTR/Copia/Ale
TE_00011066_INT#LTR/Copia/Bianca -> TE_00011066_INT_LTR/Copia/Bianca
TE_00008774_INT#LTR/Copia/Angela -> TE_00008774_INT_LTR/Copia/Angela
TE_00012285_INT#LTR/Gypsy/Retand -> TE_00012285_INT_LTR/Gypsy/Retand
TE_00002651_INT#LTR/Copia/Ale -> TE_00002651_INT_LTR/Copia/Ale
TE_00007284_INT#LTR/Gypsy/Retand -> TE_00007284_INT_LTR/Gypsy/Retand
TE_00012829_INT#LTR/Gypsy/Reina -> TE_00012829_INT_LTR/Gypsy/Reina
TE_00014870_INT#LTR/Copia/Ale -> TE_00014870_INT_LTR/Copia/Ale
TE_00003319_INT#LTR/Copia/Ikeros -> TE_00003319_INT_LTR/Copia/Ikeros
TE_00014599_INT#LTR/Gypsy/Reina -> TE_00014599_INT_LTR/Gypsy/Reina
TE_00009692_INT#LTR/Gypsy/Reina -> TE_00009692_INT_LTR/Gypsy/Reina
TE_00015320_INT#LTR/Gypsy/Reina -> TE_00015320_INT_LTR/Gypsy/Reina
TE_00004888_INT#LTR/Gypsy/Reina -> TE_00004888_INT_LTR/Gypsy/Reina
TE_00005815_INT#LTR/Copia/Bianca -> TE_00005815_INT_LTR/Copia/Bianca
TE_00012277_INT#LTR/Copia/Ale -> TE_00012277_INT_LTR/Copia/Ale
TE_00012217_INT#LTR/Gypsy/Retand -> TE_00012217_INT_LTR/Gypsy/Retand
TE_00010500_INT#LTR/Copia/Ale -> TE_00010500_INT_LTR/Copia/Ale
TE_00013479_INT#LTR/Gypsy/Reina -> TE_00013479_INT_LTR/Gypsy/Reina
TE_00014501_INT#LTR/Copia/Ale -> TE_00014501_INT_LTR/Copia/Ale
TE_00011678_INT#LTR/Gypsy/Reina -> TE_00011678_INT_LTR/Gypsy/Reina
TE_00015024_INT#LTR/Gypsy/Reina -> TE_00015024_INT_LTR/Gypsy/Reina
TE_00011996_INT#LTR/Gypsy/Retand -> TE_00011996_INT_LTR/Gypsy/Retand
TE_00001772_INT#LTR/Gypsy/Reina -> TE_00001772_INT_LTR/Gypsy/Reina
TE_00005128_INT#LTR/Copia/Ale -> TE_00005128_INT_LTR/Copia/Ale
TE_00014181_INT#LTR/Copia/Bianca -> TE_00014181_INT_LTR/Copia/Bianca
TE_00014898_INT#LTR/Gypsy/Reina -> TE_00014898_INT_LTR/Gypsy/Reina
TE_00011718_INT#LTR/Copia/Ale -> TE_00011718_INT_LTR/Copia/Ale
TE_00003773_INT#LTR/Copia/Ivana -> TE_00003773_INT_LTR/Copia/Ivana
TE_00006719_INT#LTR/Gypsy/Ogre -> TE_00006719_INT_LTR/Gypsy/Ogre
TE_00001927_INT#LTR/Copia/Tork -> TE_00001927_INT_LTR/Copia/Tork
TE_00003395_INT#LTR/Gypsy/Reina -> TE_00003395_INT_LTR/Gypsy/Reina
TE_00003052_INT#LTR/Copia/Ale -> TE_00003052_INT_LTR/Copia/Ale
TE_00003889_INT#LTR/Gypsy/Tekay -> TE_00003889_INT_LTR/Gypsy/Tekay
TE_00004273_INT#LTR/Gypsy/Retand -> TE_00004273_INT_LTR/Gypsy/Retand
TE_00006005_INT#LTR/Gypsy/Retand -> TE_00006005_INT_LTR/Gypsy/Retand
TE_00008469_INT#LTR/Gypsy/Reina -> TE_00008469_INT_LTR/Gypsy/Reina
TE_00003535_INT#LTR/Copia/Ale -> TE_00003535_INT_LTR/Copia/Ale
TE_00007565_INT#LTR/Copia/Ale -> TE_00007565_INT_LTR/Copia/Ale
TE_00012180_INT#LTR/Gypsy/Reina -> TE_00012180_INT_LTR/Gypsy/Reina
TE_00012237_INT#LTR/Gypsy/Reina -> TE_00012237_INT_LTR/Gypsy/Reina
TE_00013070_INT#LTR/Gypsy/Reina -> TE_00013070_INT_LTR/Gypsy/Reina
TE_00005013_INT#LTR/Gypsy/Ogre -> TE_00005013_INT_LTR/Gypsy/Ogre
TE_00014010_INT#LTR/Copia/Bianca -> TE_00014010_INT_LTR/Copia/Bianca
TE_00006945_INT#LTR/Copia/Ale -> TE_00006945_INT_LTR/Copia/Ale
TE_00014688_INT#LTR/Gypsy/Reina -> TE_00014688_INT_LTR/Gypsy/Reina
TE_00006496_INT#LTR/Copia/Ale -> TE_00006496_INT_LTR/Copia/Ale
TE_00004779_INT#LTR/Gypsy/Retand -> TE_00004779_INT_LTR/Gypsy/Retand
TE_00014387_LTR#LTR/Gypsy/Tekay -> TE_00014387_LTR_LTR/Gypsy/Tekay
TE_00010438_INT#LTR/Gypsy/Retand -> TE_00010438_INT_LTR/Gypsy/Retand

                                  Gap/Ambiguity  Composition  p-value
   1  TE_00008825_INT_LTR/Copia/Ale      55.48%    passed     97.80%
   2  TE_00004209_INT_LTR/Copia/Ivana    40.56%    passed     16.08%
   3  TE_00010653_LTR_LTR/Copia/SIRE     70.63%    failed      4.04%
   4  TE_00011518_INT_LTR/Copia/Ale      40.33%    passed     78.42%
   5  TE_00003742_INT_LTR/Gypsy/Reina    88.34%    passed     80.01%
   6  TE_00012995_INT_LTR/Gypsy/Reina    59.67%    passed     76.40%
   7  TE_00011304_INT_LTR/Copia/Ale      40.56%    passed     73.71%
   8  TE_00014843_INT_LTR/Gypsy/Ogre     71.56%    passed     41.71%
   9  TE_00008771_INT_LTR/Copia/Ale      77.39%    passed     62.11%
  10  TE_00008058_INT_LTR/Gypsy/Retand   88.58%    passed     64.55%
  11  TE_00011796_INT_LTR/Copia/Ikeros   83.68%    passed     10.51%
  12  TE_00013860_INT_LTR/Gypsy/Reina    87.88%    passed     98.06%
  13  TE_00012266_INT_LTR/Gypsy/Retand   88.34%    passed     97.35%
  14  TE_00013795_INT_LTR/Gypsy/Retand   78.32%    passed     83.77%
  15  TE_00011732_INT_LTR/Copia/Bianca   65.03%    passed     18.78%
  16  TE_00012638_INT_LTR/Gypsy/Retand   83.45%    passed     64.79%
  17  TE_00012097_INT_LTR/Gypsy/Retand   78.32%    passed     95.92%
  18  TE_00013874_INT_LTR/Gypsy/Reina    87.65%    passed     93.44%
  19  TE_00008515_INT_LTR/Copia/Ivana    40.33%    passed     22.83%
  20  TE_00009935_INT_LTR/Copia/Bianca   55.24%    passed     23.93%
  21  TE_00004266_INT_LTR/Copia/Ale      40.33%    passed     68.77%
  22  TE_00010600_INT_LTR/Copia/Bianca   39.63%    passed     52.86%
  23  TE_00002401_INT_LTR/Gypsy/Retand   77.62%    passed     52.73%
  24  TE_00002069_INT_LTR/Copia/Ale      72.73%    passed     84.53%
  25  TE_00008245_INT_LTR/Gypsy/Retand   89.74%    passed     81.70%
  26  TE_00007425_INT_LTR/Gypsy/Reina    89.28%    passed     99.75%
  27  TE_00002881_INT_LTR/Copia/Ale      40.33%    passed     74.29%
  28  TE_00006990_INT_LTR/Gypsy/Retand   63.40%    passed     83.94%
  29  TE_00007729_INT_LTR/Copia/Ale      47.32%    passed     13.43%
  30  TE_00006711_INT_LTR/Copia/Bianca   57.11%    passed     19.67%
  31  TE_00010017_INT_LTR/Gypsy/Reina    59.67%    passed     66.85%
  32  TE_00003866_INT_LTR/Gypsy/Tekay    89.74%    passed     45.74%
  33  TE_00014632_INT_LTR/Copia/Bianca   39.16%    passed      8.52%
  34  TE_00007198_INT_LTR/Gypsy/Reina    70.40%    passed     95.96%
  35  TE_00007235_INT_LTR/Gypsy/Reina    77.39%    passed     67.92%
  36  TE_00011654_INT_LTR/Gypsy/Reina    88.58%    passed     55.18%
  37  TE_00001657_INT_LTR/Gypsy/Reina    88.81%    passed     22.39%
  38  TE_00010729_INT_LTR/Copia/Ivana    71.33%    failed      2.89%
  39  TE_00013427_INT_LTR/Gypsy/Reina    88.81%    passed     17.75%
  40  TE_00002280_INT_LTR/Gypsy/Reina    59.67%    passed     93.91%
  41  TE_00006050_INT_LTR/Gypsy/Reina    59.67%    passed     90.89%
  42  TE_00007589_INT_LTR/Gypsy/Reina    59.67%    passed     49.28%
  43  TE_00005628_INT_LTR/Gypsy/Reina    77.86%    passed     54.57%
  44  TE_00012617_INT_LTR/Copia/Ale      76.69%    passed     75.67%
  45  TE_00003750_INT_LTR/Gypsy/Reina    60.84%    passed     70.16%
  46  TE_00011822_INT_LTR/Copia/Ale      77.16%    passed     35.15%
  47  TE_00009002_INT_LTR/Copia/Ale      62.47%    passed     22.46%
  48  TE_00015366_INT_LTR/Gypsy/Reina    59.67%    passed     61.67%
  49  TE_00009077_INT_LTR/Gypsy/Retand   80.65%    passed     85.58%
  50  TE_00006602_INT_LTR/Gypsy/Reina    59.91%    passed     97.78%
  51  TE_00011811_INT_LTR/Gypsy/Retand   85.55%    passed     58.70%
  52  TE_00004809_INT_LTR/Copia/Ale      81.59%    passed     35.12%
  53  TE_00007749_INT_LTR/Copia/Ale      40.56%    passed     87.26%
  54  TE_00008886_INT_LTR/Copia/Bianca   39.39%    passed     44.68%
  55  TE_00011235_INT_LTR/Gypsy/Reina    59.91%    passed     90.12%
  56  TE_00002106_INT_LTR/Gypsy/Reina    61.07%    passed     99.64%
  57  TE_00002942_INT_LTR/Gypsy/Reina    59.91%    passed     93.79%
  58  TE_00014481_INT_LTR/Copia/Bianca   39.39%    passed     36.34%
  59  TE_00002656_INT_LTR/Copia/Ale      75.29%    passed      6.51%
  60  TE_00005606_INT_LTR/Gypsy/Reina    59.67%    passed     88.97%
  61  TE_00008944_INT_LTR/Copia/Ale      40.33%    passed     68.55%
  62  TE_00012015_INT_LTR/Gypsy/Reina    79.25%    passed     83.56%
  63  TE_00014504_INT_LTR/Gypsy/Reina    59.67%    passed     41.29%
  64  TE_00011931_INT_LTR/Gypsy/Reina    59.67%    passed     99.02%
  65  TE_00013447_INT_LTR/Gypsy/Reina    59.67%    passed     74.08%
  66  TE_00009508_INT_LTR/Copia/Ale      40.33%    passed     32.22%
  67  TE_00010496_INT_LTR/Gypsy/Retand   90.21%    passed     47.16%
  68  TE_00004254_INT_LTR/Gypsy/Reina    88.81%    passed     73.91%
  69  TE_00011925_INT_LTR/Gypsy/Reina    89.51%    passed     13.12%
  70  TE_00004232_INT_LTR/Gypsy/Reina    60.14%    passed     92.61%
  71  TE_00002147_INT_LTR/Gypsy/Reina    59.67%    passed     84.08%
  72  TE_00005098_INT_LTR/Gypsy/Retand   85.08%    passed     52.47%
  73  TE_00014214_INT_LTR/Gypsy/Reina    59.91%    passed     69.97%
  74  TE_00005529_INT_LTR/Gypsy/Reina    61.31%    passed     67.74%
  75  TE_00006487_INT_LTR/Gypsy/Reina    59.67%    passed     45.83%
  76  TE_00007279_INT_LTR/Gypsy/Reina    59.67%    passed     98.27%
  77  TE_00012457_INT_LTR/Gypsy/Reina    59.67%    passed     74.47%
  78  TE_00007335_INT_LTR/Gypsy/Tekay    90.68%    passed     85.93%
  79  TE_00005790_INT_LTR/Gypsy/Retand   87.65%    passed     79.61%
  80  TE_00010879_LTR_LTR/Gypsy/Retand   59.21%    passed     71.54%
  81  TE_00009531_INT_LTR/Copia/Ivana    72.96%    passed     65.72%
  82  TE_00012681_INT_LTR/Copia/Ale      83.45%    passed     68.87%
  83  TE_00012563_INT_LTR/Gypsy/Retand   81.35%    passed     72.20%
  84  TE_00012592_INT_LTR/Gypsy/Reina    70.86%    passed     87.21%
  85  TE_00013604_INT_LTR/Gypsy/Retand   91.38%    passed     71.30%
  86  TE_00014110_INT_LTR/Copia/Ale      57.58%    passed      5.48%
  87  TE_00006370_INT_LTR/Gypsy/Reina    59.67%    passed     76.11%
  88  TE_00003195_INT_LTR/Copia/Ivana    67.13%    passed     87.29%
  89  TE_00011968_INT_LTR/Copia/Ivana    74.13%    passed     52.58%
  90  TE_00006464_INT_LTR/Copia/Ivana    40.56%    passed     57.42%
  91  TE_00002790_INT_LTR/Gypsy/Reina    59.67%    passed     31.30%
  92  TE_00001864_INT_LTR/Copia/Ale      40.33%    passed     31.01%
  93  TE_00001794_INT_LTR/Copia/Ivana    73.19%    passed     29.46%
  94  TE_00012551_INT_LTR/Copia/Ale      71.79%    passed     99.62%
  95  TE_00002375_INT_LTR/Copia/Ale      68.07%    passed     63.50%
  96  TE_00006698_INT_LTR/Gypsy/Reina    59.67%    passed     90.67%
  97  TE_00014755_INT_LTR/Copia/Ale      80.89%    passed     38.55%
  98  TE_00014292_INT_LTR/Gypsy/Retand   79.49%    passed     69.54%
  99  TE_00014853_INT_LTR/Gypsy/Reina    59.67%    passed     74.53%
 100  TE_00002428_INT_LTR/Gypsy/Reina    84.38%    passed     78.34%
 101  TE_00004773_INT_LTR/Copia/Ale      40.33%    passed     97.16%
 102  TE_00003861_INT_LTR/Gypsy/Reina    59.67%    passed     71.92%
 103  TE_00007118_INT_LTR/Copia/Ale      49.42%    passed     75.15%
 104  TE_00009066_INT_LTR/Gypsy/Retand   89.28%    passed     82.47%
 105  TE_00003417_INT_LTR/Gypsy/Retand   72.49%    passed      9.17%
 106  TE_00004412_INT_LTR/Gypsy/Reina    82.52%    passed     63.65%
 107  TE_00006333_INT_LTR/Gypsy/Reina    85.31%    passed     99.97%
 108  TE_00008862_INT_LTR/Gypsy/Reina    78.55%    passed     90.48%
 109  TE_00002571_INT_LTR/Copia/Ale      52.21%    passed     11.67%
 110  TE_00013340_INT_LTR/Copia/Ale      71.33%    passed     19.09%
 111  TE_00004572_INT_LTR/Gypsy/Reina    59.67%    passed     58.33%
 112  TE_00012192_INT_LTR/Copia/Bianca   39.39%    passed     27.04%
 113  TE_00003518_LTR_LTR/Copia/TAR      48.02%    passed     33.44%
 114  TE_00005523_INT_LTR/Gypsy/Reina    63.64%    passed     26.09%
 115  TE_00008521_INT_LTR/Gypsy/Retand   85.78%    passed     62.45%
 116  TE_00011357_INT_LTR/Gypsy/Reina    59.67%    passed     80.04%
 117  TE_00014890_INT_LTR/Gypsy/Reina    79.02%    passed     58.21%
 118  TE_00005651_INT_LTR/Copia/Ale      82.28%    passed     84.67%
 119  TE_00007758_INT_LTR/Copia/Ale      42.42%    passed     35.34%
 120  TE_00005086_INT_LTR/Gypsy/Reina    85.55%    passed     66.46%
 121  TE_00007822_INT_LTR/Gypsy/Retand   82.98%    passed     20.80%
 122  TE_00007739_INT_LTR/Gypsy/Reina    88.58%    passed     70.01%
 123  TE_00011966_INT_LTR/Gypsy/Reina    59.91%    passed     53.51%
 124  TE_00007117_INT_LTR/Copia/Ivana    66.67%    passed     75.20%
 125  TE_00007298_INT_LTR/Copia/Ale      40.33%    passed     72.69%
 126  TE_00010168_INT_LTR/Copia/Ale      73.66%    passed     93.18%
 127  TE_00005557_INT_LTR/Gypsy/Reina    67.83%    passed     75.91%
 128  TE_00011607_INT_LTR/Gypsy/Reina    72.03%    passed     78.61%
 129  TE_00005955_INT_LTR/Copia/Ivana    74.13%    passed     14.11%
 130  TE_00005140_INT_LTR/Gypsy/Reina    87.88%    passed     85.72%
 131  TE_00006999_INT_LTR/Gypsy/Reina    59.67%    passed     99.72%
 132  TE_00006847_INT_LTR/Copia/Ale      40.33%    passed     91.27%
 133  TE_00010978_INT_LTR/Gypsy/Reina    89.74%    passed     11.12%
 134  TE_00001784_INT_LTR/Gypsy/Retand   73.89%    passed     89.90%
 135  TE_00010813_INT_LTR/Copia/Ivana    78.55%    passed     96.10%
 136  TE_00004504_INT_LTR/Gypsy/Retand   87.88%    passed     82.06%
 137  TE_00002266_INT_LTR/Gypsy/Ogre     58.74%    passed     29.61%
 138  TE_00001519_INT_LTR/Gypsy/Reina    59.67%    passed     83.84%
 139  TE_00010454_INT_LTR/Gypsy/Retand   73.19%    passed     44.62%
 140  TE_00015056_INT_LTR/Gypsy/Retand   59.67%    passed     92.48%
 141  TE_00007919_INT_LTR/Gypsy/Reina    60.14%    passed     53.70%
 142  TE_00012405_INT_LTR/Gypsy/Retand   77.86%    passed     65.68%
 143  TE_00009888_INT_LTR/Copia/Bianca   39.16%    passed      6.31%
 144  TE_00008762_INT_LTR/Gypsy/Reina    59.67%    passed     81.25%
 145  TE_00006900_INT_LTR/Gypsy/Reina    60.84%    passed     35.86%
 146  TE_00003165_INT_LTR/Copia/Ale      72.03%    passed     82.74%
 147  TE_00013178_INT_LTR/Gypsy/Reina    69.00%    passed     89.24%
 148  TE_00008273_INT_LTR/Copia/Ivana    71.33%    passed     34.37%
 149  TE_00010162_INT_LTR/Copia/Ale      40.79%    passed     40.00%
 150  TE_00004681_INT_LTR/Gypsy/Reina    71.10%    failed      2.28%
 151  TE_00012441_INT_LTR/Copia/Ale      77.86%    passed     71.22%
 152  TE_00008146_INT_LTR/Gypsy/Reina    59.91%    passed     94.66%
 153  TE_00001952_INT_LTR/Copia/Ivana    72.26%    passed      5.34%
 154  TE_00011120_INT_LTR/Gypsy/Retand   59.44%    passed     71.30%
 155  TE_00012024_INT_LTR/Gypsy/Ogre     59.44%    passed     11.01%
 156  TE_00003371_INT_LTR/Gypsy/Reina    59.67%    passed     87.01%
 157  TE_00003029_INT_LTR/Gypsy/Reina    59.67%    passed     60.45%
 158  TE_00007068_INT_LTR/Gypsy/Ogre     58.74%    passed     19.67%
 159  TE_00008370_INT_LTR/Gypsy/Reina    59.91%    passed     67.15%
 160  TE_00001520_INT_LTR/Copia/Ale      73.19%    passed      6.50%
 161  TE_00007094_INT_LTR/Gypsy/Reina    89.04%    passed     84.14%
 162  TE_00001543_INT_LTR/Gypsy/Reina    60.61%    passed     56.27%
 163  TE_00003724_INT_LTR/Copia/Ale      83.22%    passed     94.74%
 164  TE_00002716_INT_LTR/Copia/Ale      77.86%    passed     33.28%
 165  TE_00005845_INT_LTR/Copia/Ale      79.25%    passed     67.36%
 166  TE_00007371_INT_LTR/Gypsy/Reina    88.34%    passed     84.77%
 167  TE_00004532_LTR_LTR/Gypsy/CRM      70.16%    passed     65.78%
 168  TE_00008120_INT_LTR/Gypsy/Retand   91.38%    passed     82.08%
 169  TE_00012120_INT_LTR/Gypsy/Retand   77.62%    passed     36.45%
 170  TE_00014975_INT_LTR/Gypsy/Retand   69.93%    passed     62.50%
 171  TE_00008438_INT_LTR/Gypsy/Tekay    86.25%    passed     54.38%
 172  TE_00010010_INT_LTR/Copia/Ale      59.44%    passed      9.30%
 173  TE_00011793_INT_LTR/Gypsy/Reina    59.67%    passed     55.93%
 174  TE_00004659_INT_LTR/Gypsy/Retand   87.18%    passed     55.41%
 175  TE_00011464_INT_LTR/Gypsy/Reina    72.26%    passed     49.93%
 176  TE_00014670_LTR_LTR/Copia/SIRE     71.79%    passed     11.21%
 177  TE_00002569_INT_LTR/Copia/Ale      80.89%    passed     89.03%
 178  TE_00003215_INT_LTR/Gypsy/Retand   74.36%    passed     19.59%
 179  TE_00004834_INT_LTR/Gypsy/Retand   59.44%    passed     87.74%
 180  TE_00010687_INT_LTR/Copia/Ale      40.33%    passed     21.99%
 181  TE_00014532_INT_LTR/Gypsy/Retand   80.65%    passed     77.10%
 182  TE_00013510_INT_LTR/Copia/Bianca   39.16%    passed      8.49%
 183  TE_00006021_INT_LTR/Gypsy/Reina    59.67%    passed     80.02%
 184  TE_00011576_INT_LTR/Gypsy/Retand   89.28%    passed     27.81%
 185  TE_00013815_INT_LTR/Gypsy/Ogre     70.86%    passed     12.82%
 186  TE_00011089_INT_LTR/Gypsy/Reina    59.67%    passed     93.00%
 187  TE_00004224_INT_LTR/Copia/Bianca   39.63%    passed     54.18%
 188  TE_00005690_INT_LTR/Copia/Ale      42.42%    passed     89.58%
 189  TE_00004219_INT_LTR/Gypsy/Ogre     85.55%    passed      6.47%
 190  TE_00005831_INT_LTR/Gypsy/Reina    89.98%    passed     13.55%
 191  TE_00012090_INT_LTR/Copia/Ivana    40.33%    passed      5.14%
 192  TE_00014882_INT_LTR/Gypsy/Reina    59.67%    passed     83.59%
 193  TE_00012702_INT_LTR/Copia/Ale      40.33%    passed     91.10%
 194  TE_00009562_INT_LTR/Gypsy/CRM      88.11%    passed     16.12%
 195  TE_00006879_INT_LTR/Copia/Ale      40.33%    passed     96.37%
 196  TE_00013046_INT_LTR/Copia/Ale      40.33%    passed     13.90%
 197  TE_00009416_INT_LTR/Copia/Ale      52.91%    passed     66.52%
 198  TE_00002182_INT_LTR/Copia/Ale      66.67%    passed     60.49%
 199  TE_00014510_INT_LTR/Gypsy/Reina    75.99%    passed     99.22%
 200  TE_00013963_INT_LTR/Gypsy/Reina    71.10%    passed     98.58%
 201  TE_00003910_INT_LTR/Copia/Ale      76.46%    passed     11.81%
 202  TE_00015102_INT_LTR/Copia/Ale      72.03%    passed     26.82%
 203  TE_00006357_INT_LTR/Gypsy/CRM      89.51%    passed     14.91%
 204  TE_00003345_INT_LTR/Gypsy/Reina    72.73%    passed     25.13%
 205  TE_00004632_INT_LTR/Gypsy/Reina    74.36%    passed     80.20%
 206  TE_00007532_INT_LTR/Gypsy/Reina    62.24%    passed     97.93%
 207  TE_00011524_INT_LTR/Gypsy/Reina    69.70%    passed     69.82%
 208  TE_00001659_INT_LTR/Copia/Ale      40.33%    passed     86.93%
 209  TE_00014333_INT_LTR/Copia/Ale      40.33%    passed     90.17%
 210  TE_00001559_INT_LTR/Copia/Ale      77.39%    passed     14.17%
 211  TE_00005049_INT_LTR/Gypsy/Reina    77.86%    passed     88.44%
 212  TE_00014852_INT_LTR/Gypsy/Reina    60.14%    passed     97.40%
 213  TE_00013793_LTR_LTR/Copia/SIRE     77.16%    passed     23.64%
 214  TE_00002994_INT_LTR/Gypsy/Reina    76.22%    passed     65.42%
 215  TE_00012490_INT_LTR/Copia/Ale      40.56%    passed     93.50%
 216  TE_00010569_INT_LTR/Gypsy/Reina    89.74%    passed     98.20%
 217  TE_00007776_INT_LTR/Copia/Ivana    82.05%    passed     36.56%
 218  TE_00005643_INT_LTR/Copia/Ale      40.33%    passed     47.39%
 219  TE_00005852_INT_LTR/Copia/Ivana    73.89%    passed     37.43%
 220  TE_00010975_INT_LTR/Gypsy/Retand   89.28%    passed     77.13%
 221  TE_00009707_INT_LTR/Copia/Ale      65.03%    passed     58.56%
 222  TE_00006853_INT_LTR/Copia/Ale      72.49%    passed     82.32%
 223  TE_00001933_INT_LTR/Gypsy/Reina    82.98%    passed     90.39%
 224  TE_00007184_INT_LTR/Gypsy/Reina    83.92%    passed     46.96%
 225  TE_00003081_INT_LTR/Gypsy/Reina    59.67%    passed     79.76%
 226  TE_00006880_INT_LTR/Gypsy/Reina    87.65%    passed     34.58%
 227  TE_00014439_INT_LTR/Gypsy/CRM      89.51%    passed     10.32%
 228  TE_00004088_INT_LTR/Gypsy/Reina    59.67%    passed     97.23%
 229  TE_00005465_INT_LTR/Gypsy/CRM      90.44%    passed     26.88%
 230  TE_00008338_INT_LTR/Copia/Ale      40.33%    passed     96.50%
 231  TE_00004361_INT_LTR/Copia/Bianca   39.39%    passed     54.87%
 232  TE_00007585_INT_LTR/Gypsy/Reina    82.05%    failed      0.28%
 233  TE_00007610_INT_LTR/Copia/Ale      52.91%    passed     88.53%
 234  TE_00005753_INT_LTR/Gypsy/Reina    89.28%    passed     97.67%
 235  TE_00013128_INT_LTR/Gypsy/Reina    59.67%    passed     94.65%
 236  TE_00015338_INT_LTR/Copia/Ale      40.33%    passed     47.82%
 237  TE_00004750_INT_LTR/Copia/Ale      79.72%    passed     89.51%
 238  TE_00007744_INT_LTR/Copia/Ale      76.22%    passed     27.70%
 239  TE_00004452_INT_LTR/Gypsy/Reina    59.91%    passed     31.85%
 240  TE_00000624_INT_LTR/Copia/Bianca   72.49%    passed     13.63%
 241  TE_00001845_INT_LTR/Copia/Ale      74.36%    passed     43.48%
 242  TE_00011905_INT_LTR/Gypsy/Reina    60.37%    passed     56.63%
 243  TE_00002015_INT_LTR/Gypsy/Ogre     85.78%    failed      4.62%
 244  TE_00012996_INT_LTR/Gypsy/Tekay    59.67%    passed     95.12%
 245  TE_00003640_INT_LTR/Gypsy/Retand   80.19%    passed     88.79%
 246  TE_00012650_INT_LTR/Gypsy/Retand   75.76%    passed     78.78%
 247  TE_00009943_INT_LTR/Copia/Ivana    73.66%    failed      0.28%
 248  TE_00014112_INT_LTR/Copia/Bianca   39.39%    passed     47.60%
 249  TE_00004719_INT_LTR/Copia/Bianca   39.63%    passed     44.38%
 250  TE_00001912_INT_LTR/Gypsy/Retand   88.34%    passed     51.36%
 251  TE_00012836_INT_LTR/Copia/Ivana    63.64%    passed     61.18%
 252  TE_00004201_INT_LTR/Copia/Ale      77.86%    passed     56.75%
 253  TE_00012504_INT_LTR/Copia/Bianca   42.42%    passed     64.54%
 254  TE_00009533_INT_LTR/Gypsy/Retand   82.75%    passed     81.81%
 255  TE_00015007_INT_LTR/Gypsy/Retand   60.37%    passed     55.31%
 256  TE_00003729_INT_LTR/Copia/Ale      77.39%    passed     28.26%
 257  TE_00009628_INT_LTR/Copia/Ivana    72.49%    passed     24.66%
 258  TE_00003448_INT_LTR/Copia/Ale      77.86%    passed     11.07%
 259  TE_00010960_INT_LTR/Gypsy/Reina    59.91%    passed     96.24%
 260  TE_00012313_INT_LTR/Copia/Ikeros   72.26%    passed     43.16%
 261  TE_00009869_INT_LTR/Gypsy/Retand   87.65%    passed     23.02%
 262  TE_00015070_INT_LTR/Gypsy/Reina    59.67%    passed     71.00%
 263  TE_00012248_INT_LTR/Gypsy/Reina    59.91%    passed     35.83%
 264  TE_00011450_INT_LTR/Gypsy/Retand   82.52%    passed     79.00%
 265  TE_00003512_INT_LTR/Gypsy/Reina    60.14%    passed     57.63%
 266  TE_00010951_INT_LTR/Copia/Ale      40.56%    passed     73.69%
 267  TE_00004880_INT_LTR/Copia/Ale      72.73%    passed     76.94%
 268  TE_00008815_INT_LTR/Copia/Bianca   39.39%    passed     50.52%
 269  TE_00013723_INT_LTR/Gypsy/Reina    88.81%    passed     98.93%
 270  TE_00002002_INT_LTR/Copia/Ale      86.25%    passed     32.10%
 271  TE_00003317_INT_LTR/Gypsy/Retand   82.75%    passed     89.09%
 272  TE_00007730_INT_LTR/Gypsy/Retand   85.08%    passed     88.57%
 273  TE_00005781_INT_LTR/Copia/Bianca   48.02%    passed      6.60%
 274  TE_00013554_INT_LTR/Gypsy/Retand   86.71%    passed     43.29%
 275  TE_00014881_INT_LTR/Copia/Ale      40.33%    passed     64.10%
 276  TE_00003343_INT_LTR/Gypsy/Reina    84.85%    passed     99.66%
 277  TE_00009969_INT_LTR/Gypsy/Retand   63.40%    passed      6.60%
 278  TE_00013368_INT_LTR/Gypsy/Reina    59.67%    failed      2.97%
 279  TE_00009196_INT_LTR/Gypsy/Tekay    79.95%    passed     77.48%
 280  TE_00013333_INT_LTR/Copia/Ale      63.17%    passed     83.52%
 281  TE_00002406_INT_LTR/Copia/Ale      66.90%    passed     25.72%
 282  TE_00010972_INT_LTR/Copia/Ale      77.86%    passed     56.42%
 283  TE_00004073_INT_LTR/Copia/Ale      72.03%    passed     36.93%
 284  TE_00013812_INT_LTR/Copia/Ale      40.33%    passed     84.68%
 285  TE_00013810_INT_LTR/Copia/Ale      76.46%    passed     20.81%
 286  TE_00002051_INT_LTR/Gypsy/Reina    59.67%    passed     99.18%
 287  TE_00010737_INT_LTR/Gypsy/Reina    59.67%    passed     87.97%
 288  TE_00012129_INT_LTR/Gypsy/Retand   84.85%    passed     75.94%
 289  TE_00002499_INT_LTR/Gypsy/Reina    59.67%    passed     27.25%
 290  TE_00006980_LTR_LTR/Copia/SIRE     83.68%    passed     11.99%
 291  TE_00002806_INT_LTR/Copia/Bianca   68.53%    passed     75.71%
 292  TE_00013702_INT_LTR/Gypsy/Retand   69.00%    passed     65.82%
 293  TE_00003469_INT_LTR/Copia/Ale      72.96%    passed     86.98%
 294  TE_00013006_INT_LTR/Gypsy/Retand   87.41%    passed     94.71%
 295  TE_00011609_INT_LTR/Gypsy/Reina    67.83%    passed     80.24%
 296  TE_00004168_INT_LTR/Gypsy/Retand   80.19%    passed     88.49%
 297  TE_00014586_INT_LTR/Copia/Ikeros   83.22%    passed     14.07%
 298  TE_00012368_LTR_LTR/Copia/SIRE     72.73%    passed     68.03%
 299  TE_00008166_INT_LTR/Gypsy/Reina    86.01%    passed     86.14%
 300  TE_00004623_INT_LTR/Gypsy/Retand   59.44%    passed     83.04%
 301  TE_00014415_INT_LTR/Gypsy/Reina    87.41%    passed     56.17%
 302  TE_00006794_INT_LTR/Copia/Ivana    40.33%    failed      2.90%
 303  TE_00009972_INT_LTR/Copia/Ale      71.79%    passed     84.10%
 304  TE_00009392_INT_LTR/Copia/Ale      72.03%    passed     40.75%
 305  TE_00001567_INT_LTR/Gypsy/Reina    81.35%    passed     73.41%
 306  TE_00015008_INT_LTR/Copia/Ale      77.62%    passed     59.42%
 307  TE_00010337_INT_LTR/Copia/Ivana    40.33%    passed     11.53%
 308  TE_00005866_INT_LTR/Gypsy/Reina    69.23%    passed     89.07%
 309  TE_00011846_INT_LTR/Gypsy/Reina    65.97%    passed     97.33%
 310  TE_00005277_INT_LTR/Gypsy/Retand   88.11%    passed     82.52%
 311  TE_00003943_INT_LTR/Copia/Ale      40.33%    passed     85.74%
 312  TE_00002967_INT_LTR/Gypsy/Reina    88.81%    failed      1.35%
 313  TE_00014683_INT_LTR/Gypsy/Reina    59.91%    passed     45.21%
 314  TE_00008432_INT_LTR/Gypsy/Retand   79.72%    passed     30.59%
 315  TE_00012165_INT_LTR/Copia/Ale      40.33%    passed     38.87%
 316  TE_00008119_INT_LTR/Gypsy/Retand   75.76%    passed     83.83%
 317  TE_00009363_INT_LTR/Gypsy/Retand   59.67%    passed     83.21%
 318  TE_00009481_INT_LTR/Gypsy/Reina    59.67%    passed     59.12%
 319  TE_00012466_INT_LTR/Copia/Ivana    66.20%    passed     36.82%
 320  TE_00012150_INT_LTR/Copia/Bianca   39.63%    passed     42.43%
 321  TE_00007432_INT_LTR/Gypsy/Reina    59.67%    passed     86.27%
 322  TE_00010491_INT_LTR/Copia/Ale      46.15%    passed     43.12%
 323  TE_00012461_INT_LTR/Gypsy/Reina    85.31%    passed     86.21%
 324  TE_00012625_INT_LTR/Gypsy/Reina    59.67%    passed     67.93%
 325  TE_00011982_INT_LTR/Copia/Ikeros   82.05%    passed     23.00%
 326  TE_00010734_INT_LTR/Copia/Ale      66.20%    passed     32.55%
 327  TE_00002516_INT_LTR/Gypsy/Retand   82.28%    passed     81.19%
 328  TE_00007179_INT_LTR/Copia/Ale      75.76%    passed     49.02%
 329  TE_00010223_INT_LTR/Gypsy/Reina    59.67%    passed     17.76%
 330  TE_00014866_INT_LTR/Copia/Ale      66.20%    passed     51.20%
 331  TE_00007466_INT_LTR/Copia/Ale      40.33%    passed     41.50%
 332  TE_00008623_INT_LTR/Gypsy/Ogre     70.16%    passed     45.08%
 333  TE_00012128_INT_LTR/Gypsy/Reina    73.19%    passed     90.14%
 334  TE_00004666_INT_LTR/Gypsy/Reina    78.09%    passed     40.74%
 335  TE_00012320_INT_LTR/Copia/Ale      40.33%    passed     53.22%
 336  TE_00012965_INT_LTR/Gypsy/Retand   90.68%    passed     90.92%
 337  TE_00009514_INT_LTR/Copia/Ale      40.33%    passed     98.69%
 338  TE_00007185_INT_LTR/Copia/Angela   72.73%    passed     13.67%
 339  TE_00012486_INT_LTR/Copia/Ale      55.94%    passed     16.82%
 340  TE_00008649_INT_LTR/Gypsy/CRM      88.11%    passed     13.97%
 341  TE_00001586_INT_LTR/Copia/Ale      69.70%    passed     72.38%
 342  TE_00011260_INT_LTR/Gypsy/Retand   84.85%    passed     70.33%
 343  TE_00012482_INT_LTR/Copia/Ikeros   83.22%    passed      7.64%
 344  TE_00012184_INT_LTR/Gypsy/Reina    61.07%    passed     64.38%
 345  TE_00010489_INT_LTR/Gypsy/Reina    59.67%    passed     95.45%
 346  TE_00007629_INT_LTR/Gypsy/Retand   80.65%    passed     96.99%
 347  TE_00005910_INT_LTR/Gypsy/Reina    59.67%    passed     57.90%
 348  TE_00012245_INT_LTR/Gypsy/Reina    85.08%    passed     70.06%
 349  TE_00012340_INT_LTR/Gypsy/Reina    86.48%    passed     16.23%
 350  TE_00009470_INT_LTR/Copia/Ikeros   86.48%    passed     18.70%
 351  TE_00001498_INT_LTR/Gypsy/Reina    82.28%    passed     17.76%
 352  TE_00005637_INT_LTR/Gypsy/Reina    63.87%    passed     26.02%
 353  TE_00009593_INT_LTR/Gypsy/Reina    71.10%    passed     99.43%
 354  TE_00013661_INT_LTR/Gypsy/Reina    75.99%    passed     58.84%
 355  TE_00010007_INT_LTR/Copia/Ikeros   83.45%    passed     28.68%
 356  TE_00013402_INT_LTR/Gypsy/Reina    59.67%    passed     98.01%
 357  TE_00003053_INT_LTR/Gypsy/Retand   81.59%    passed     11.05%
 358  TE_00000069_INT_LTR/Gypsy/Reina    59.67%    passed     67.69%
 359  TE_00007385_LTR_LTR/Copia/SIRE     63.64%    passed      7.04%
 360  TE_00009937_INT_LTR/Gypsy/Retand   84.62%    passed     69.47%
 361  TE_00005228_INT_LTR/Copia/Ale      80.89%    passed     98.30%
 362  TE_00002978_INT_LTR/Gypsy/Retand   70.40%    passed     93.40%
 363  TE_00010645_LTR_LTR/Gypsy/Tekay    82.98%    passed     78.38%
 364  TE_00009252_INT_LTR/Copia/Ale      40.33%    passed     86.72%
 365  TE_00010065_INT_LTR/Copia/Ale      82.52%    passed     61.44%
 366  TE_00004489_INT_LTR/Copia/Ale      72.73%    passed     61.64%
 367  TE_00004085_INT_LTR/Gypsy/Reina    59.67%    passed     80.84%
 368  TE_00004071_INT_LTR/Copia/Ale      40.33%    passed     34.53%
 369  TE_00003252_INT_LTR/Gypsy/Reina    86.25%    passed     32.27%
 370  TE_00003415_INT_LTR/Copia/Ale      68.76%    passed     27.72%
 371  TE_00001715_INT_LTR/Copia/Ale      59.44%    passed     98.07%
 372  TE_00001475_INT_LTR/Gypsy/Retand   87.65%    passed     58.26%
 373  TE_00006213_LTR_LTR/Gypsy/Tekay    60.37%    passed     92.87%
 374  TE_00011670_INT_LTR/Copia/Ale      40.56%    passed     82.28%
 375  TE_00003717_INT_LTR/Gypsy/Reina    71.33%    passed     89.17%
 376  TE_00004668_INT_LTR/Copia/Bianca   39.39%    failed      4.78%
 377  TE_00004196_INT_LTR/Gypsy/Reina    84.85%    passed     90.04%
 378  TE_00002213_LTR_LTR/Copia/SIRE     67.60%    passed     41.29%
 379  TE_00013008_INT_LTR/Copia/Ale      69.46%    passed     33.93%
 380  TE_00002500_INT_LTR/Gypsy/Reina    61.07%    passed     65.46%
 381  TE_00004927_INT_LTR/Copia/Ale      63.64%    passed     41.21%
 382  TE_00012108_INT_LTR/Copia/Ale      41.03%    passed     34.85%
 383  TE_00014377_INT_LTR/Gypsy/Reina    59.67%    passed     85.06%
 384  TE_00007087_INT_LTR/Copia/Ivana    72.96%    passed     40.33%
 385  TE_00014930_INT_LTR/Gypsy/Retand   86.01%    passed     90.66%
 386  TE_00005618_INT_LTR/Gypsy/CRM      89.51%    passed     16.75%
 387  TE_00002914_INT_LTR/Gypsy/Reina    59.67%    passed     96.43%
 388  TE_00003094_INT_LTR/Gypsy/Reina    61.07%    passed     55.20%
 389  TE_00013067_INT_LTR/Copia/Ikeros   71.56%    passed     24.21%
 390  TE_00002219_INT_LTR/Gypsy/Reina    73.66%    passed     26.93%
 391  TE_00009483_INT_LTR/Gypsy/Reina    59.67%    passed     81.89%
 392  TE_00014528_INT_LTR/Copia/Ale      76.46%    passed     40.62%
 393  TE_00006111_INT_LTR/Gypsy/Reina    87.18%    passed     81.59%
 394  TE_00005490_INT_LTR/Gypsy/Reina    59.91%    passed     62.53%
 395  TE_00011467_INT_LTR/Copia/Ivana    72.49%    passed     45.97%
 396  TE_00010455_INT_LTR/Gypsy/Reina    71.79%    passed     88.88%
 397  TE_00007998_INT_LTR/Gypsy/Reina    61.31%    passed     54.42%
 398  TE_00009993_INT_LTR/Copia/Bianca   79.72%    passed     82.96%
 399  TE_00007836_INT_LTR/Gypsy/Retand   86.25%    passed     73.41%
 400  TE_00013420_INT_LTR/Gypsy/Reina    87.88%    passed     75.04%
 401  TE_00005869_INT_LTR/Copia/Bianca   58.04%    passed     41.99%
 402  TE_00001893_INT_LTR/Copia/Ale      40.33%    passed     41.80%
 403  TE_00012534_INT_LTR/Gypsy/Ogre     82.98%    failed      0.87%
 404  TE_00014051_INT_LTR/Copia/Ale      78.55%    passed     11.14%
 405  TE_00001043_INT_LTR/Gypsy/Ogre     88.58%    passed     65.21%
 406  TE_00011799_INT_LTR/Copia/Ale      77.62%    passed     57.47%
 407  TE_00012072_INT_LTR/Copia/Ivana    72.96%    passed     47.43%
 408  TE_00006071_INT_LTR/Gypsy/Retand   59.44%    passed     97.87%
 409  TE_00012692_INT_LTR/Gypsy/Reina    60.61%    passed     72.56%
 410  TE_00013313_INT_LTR/Gypsy/Reina    59.91%    passed     91.69%
 411  TE_00012697_INT_LTR/Copia/Ale      63.40%    passed     89.50%
 412  TE_00012867_INT_LTR/Gypsy/Reina    71.33%    passed     70.14%
 413  TE_00006351_INT_LTR/Copia/Ale      40.33%    passed     74.75%
 414  TE_00003360_INT_LTR/Gypsy/Retand   84.15%    passed     86.05%
 415  TE_00002101_INT_LTR/Gypsy/Reina    87.65%    passed      5.69%
 416  TE_00014572_INT_LTR/Copia/Ale      40.33%    passed     19.17%
 417  TE_00001854_INT_LTR/Copia/Ale      53.38%    passed     75.30%
 418  TE_00009316_INT_LTR/Gypsy/Reina    59.67%    passed     93.59%
 419  TE_00012046_INT_LTR/Gypsy/Retand   89.04%    passed     80.69%
 420  TE_00013823_INT_LTR/Copia/Ale      77.62%    passed     27.33%
 421  TE_00002367_INT_LTR/Copia/Ale      40.56%    passed     30.77%
 422  TE_00009834_INT_LTR/Gypsy/Reina    83.45%    passed     88.41%
 423  TE_00011321_INT_LTR/Gypsy/Reina    59.67%    passed     64.27%
 424  TE_00008718_INT_LTR/Copia/Ale      58.97%    passed      5.68%
 425  TE_00005088_INT_LTR/Copia/Ale      57.11%    passed     38.45%
 426  TE_00014884_INT_LTR/Gypsy/Reina    74.36%    passed     67.21%
 427  TE_00005842_INT_LTR/Gypsy/Reina    59.91%    passed     40.84%
 428  TE_00008703_INT_LTR/Gypsy/Reina    59.67%    passed     93.38%
 429  TE_00004152_INT_LTR/Gypsy/Retand   87.18%    passed     64.97%
 430  TE_00004264_INT_LTR/Gypsy/Reina    59.67%    passed     88.31%
 431  TE_00003624_INT_LTR/Gypsy/Tekay    88.34%    passed     22.03%
 432  TE_00013248_INT_LTR/Gypsy/Reina    59.91%    passed     74.25%
 433  TE_00014808_INT_LTR/Copia/Ale      72.96%    passed     86.57%
 434  TE_00007199_INT_LTR/Gypsy/Retand   89.51%    passed     75.94%
 435  TE_00013870_INT_LTR/Copia/Ale      40.33%    passed     60.23%
 436  TE_00006267_INT_LTR/Copia/Angela   72.73%    passed     26.07%
 437  TE_00008351_INT_LTR/Gypsy/Retand   80.89%    passed     55.39%
 438  TE_00001580_INT_LTR/Gypsy/Reina    60.14%    passed     52.97%
 439  TE_00003670_INT_LTR/Copia/Ale      40.33%    passed     20.05%
 440  TE_00010505_INT_LTR/Gypsy/Reina    59.67%    passed     94.09%
 441  TE_00004119_INT_LTR/Gypsy/Ogre     62.70%    passed     29.08%
 442  TE_00010592_INT_LTR/Gypsy/Reina    59.67%    passed     94.38%
 443  TE_00011928_INT_LTR/Gypsy/Retand   59.67%    passed     84.58%
 444  TE_00005121_INT_LTR/Gypsy/Retand   83.22%    passed     89.53%
 445  TE_00003801_INT_LTR/Gypsy/Ogre     58.74%    passed     38.55%
 446  TE_00009397_INT_LTR/Copia/Bianca   59.21%    passed     25.54%
 447  TE_00006039_INT_LTR/Copia/Ivana    74.83%    passed     34.40%
 448  TE_00005248_INT_LTR/Gypsy/Reina    78.32%    passed     95.50%
 449  TE_00008540_INT_LTR/Copia/Ivana    40.56%    passed     33.41%
 450  TE_00003532_INT_LTR/Gypsy/CRM      85.78%    passed     37.74%
 451  TE_00001421_INT_LTR/Copia/Ale      40.56%    passed     14.65%
 452  TE_00001550_INT_LTR/Gypsy/Reina    59.67%    passed     94.76%
 453  TE_00008733_INT_LINE               63.17%    failed      4.06%
 454  TE_00010894_INT_LTR/Copia/Bianca   39.39%    passed     52.44%
 455  TE_00007274_INT_LTR/Gypsy/Reina    59.67%    passed     96.60%
 456  TE_00005512_INT_LTR/Gypsy/Reina    59.91%    passed     88.06%
 457  TE_00008650_INT_LTR/Gypsy/Retand   81.12%    passed     73.03%
 458  TE_00011998_INT_LTR/Gypsy/Reina    81.35%    passed     61.40%
 459  TE_00003170_INT_LTR/Gypsy/Reina    71.79%    passed     64.00%
 460  TE_00011878_INT_LTR/Gypsy/Reina    59.67%    passed     22.67%
 461  TE_00011115_INT_LTR/Copia/Ale      63.40%    passed     77.89%
 462  TE_00008231_INT_LTR/Gypsy/Retand   60.84%    passed     84.11%
 463  TE_00002687_INT_LTR/Copia/Ale      40.33%    passed     83.55%
 464  TE_00006751_INT_LTR/Gypsy/Reina    59.67%    passed     75.13%
 465  TE_00003020_INT_LTR/Gypsy/Reina    59.67%    passed     85.24%
 466  TE_00008670_INT_LTR/Gypsy/Retand   86.48%    passed     79.12%
 467  TE_00008928_INT_LTR/Gypsy/Retand   86.01%    passed     61.08%
 468  TE_00001936_INT_LTR/Gypsy/Reina    86.25%    passed     98.12%
 469  TE_00005092_INT_LTR/Gypsy/Retand   87.41%    passed     97.65%
 470  TE_00012789_INT_LTR/Copia/Ale      40.33%    passed     49.46%
 471  TE_00011066_INT_LTR/Copia/Bianca   65.27%    passed     31.05%
 472  TE_00008774_INT_LTR/Copia/Angela   64.34%    passed     15.26%
 473  TE_00012285_INT_LTR/Gypsy/Retand   69.46%    passed     88.97%
 474  TE_00002651_INT_LTR/Copia/Ale      40.79%    passed     52.21%
 475  TE_00007284_INT_LTR/Gypsy/Retand   80.42%    passed     55.13%
 476  TE_00012829_INT_LTR/Gypsy/Reina    74.59%    passed     70.56%
 477  TE_00014870_INT_LTR/Copia/Ale      73.89%    passed     60.82%
 478  TE_00003319_INT_LTR/Copia/Ikeros   72.03%    passed     56.23%
 479  TE_00014599_INT_LTR/Gypsy/Reina    59.91%    passed     43.55%
 480  TE_00009692_INT_LTR/Gypsy/Reina    59.67%    passed     88.35%
 481  TE_00015320_INT_LTR/Gypsy/Reina    59.91%    passed     65.11%
 482  TE_00004888_INT_LTR/Gypsy/Reina    87.41%    passed     99.22%
 483  TE_00005815_INT_LTR/Copia/Bianca   39.39%    passed     78.70%
 484  TE_00012277_INT_LTR/Copia/Ale      59.67%    passed     73.09%
 485  TE_00012217_INT_LTR/Gypsy/Retand   81.35%    passed     45.18%
 486  TE_00010500_INT_LTR/Copia/Ale      58.74%    passed     30.57%
 487  TE_00013479_INT_LTR/Gypsy/Reina    59.67%    passed     51.76%
 488  TE_00014501_INT_LTR/Copia/Ale      40.33%    passed     96.62%
 489  TE_00011678_INT_LTR/Gypsy/Reina    59.67%    passed     63.46%
 490  TE_00015024_INT_LTR/Gypsy/Reina    88.11%    passed     50.95%
 491  TE_00011996_INT_LTR/Gypsy/Retand   87.41%    passed     96.12%
 492  TE_00001772_INT_LTR/Gypsy/Reina    78.09%    passed     95.85%
 493  TE_00005128_INT_LTR/Copia/Ale      43.82%    passed     77.09%
 494  TE_00014181_INT_LTR/Copia/Bianca   39.39%    passed     52.59%
 495  TE_00014898_INT_LTR/Gypsy/Reina    88.58%    passed     85.03%
 496  TE_00011718_INT_LTR/Copia/Ale      40.33%    passed     31.54%
 497  TE_00003773_INT_LTR/Copia/Ivana    42.19%    passed     25.19%
 498  TE_00006719_INT_LTR/Gypsy/Ogre     76.92%    passed     82.20%
 499  TE_00001927_INT_LTR/Copia/Tork     39.63%    passed      7.16%
 500  TE_00003395_INT_LTR/Gypsy/Reina    59.67%    passed     75.67%
 501  TE_00003052_INT_LTR/Copia/Ale      59.91%    passed     84.23%
 502  TE_00003889_INT_LTR/Gypsy/Tekay    72.49%    passed     93.57%
 503  TE_00004273_INT_LTR/Gypsy/Retand   88.58%    passed     36.48%
 504  TE_00006005_INT_LTR/Gypsy/Retand   86.01%    passed     68.39%
 505  TE_00008469_INT_LTR/Gypsy/Reina    59.67%    passed     99.89%
 506  TE_00003535_INT_LTR/Copia/Ale      80.65%    passed     25.88%
 507  TE_00007565_INT_LTR/Copia/Ale      72.03%    passed     43.63%
 508  TE_00012180_INT_LTR/Gypsy/Reina    78.55%    passed     83.35%
 509  TE_00012237_INT_LTR/Gypsy/Reina    59.67%    passed     49.43%
 510  TE_00013070_INT_LTR/Gypsy/Reina    88.58%    passed     75.44%
 511  TE_00005013_INT_LTR/Gypsy/Ogre     85.55%    passed     16.34%
 512  TE_00014010_INT_LTR/Copia/Bianca   39.39%    passed     55.59%
 513  TE_00006945_INT_LTR/Copia/Ale      41.03%    passed     67.97%
 514  TE_00014688_INT_LTR/Gypsy/Reina    59.67%    passed     60.71%
 515  TE_00006496_INT_LTR/Copia/Ale      75.76%    passed     75.61%
 516  TE_00004779_INT_LTR/Gypsy/Retand   85.31%    passed     80.27%
 517  TE_00014387_LTR_LTR/Gypsy/Tekay    88.81%    passed     20.20%
 518  TE_00010438_INT_LTR/Gypsy/Retand   81.59%    passed     63.96%
WARNING: 435 sequences contain more than 50% gaps/ambiguity
****  TOTAL                              67.61%  12 sequences failed composition chi2 test (p-value<5%; df=19)

Creating fast initial parsimony tree by random order stepwise addition...
13.440 seconds, parsimony score: 11089 (based on 333 sites)
Measuring multi-threading efficiency up to 64 CPU cores
Increase to 10 rounds for branch lengths
12 trees examined
Threads: 1 / Time: 67.102 sec / Speedup: 1.000 / Efficiency: 100% / LogL: -129606
Threads: 2 / Time: 39.681 sec / Speedup: 1.691 / Efficiency: 85% / LogL: -129606
Threads: 3 / Time: 28.463 sec / Speedup: 2.358 / Efficiency: 79% / LogL: -129606
Threads: 4 / Time: 23.841 sec / Speedup: 2.815 / Efficiency: 70% / LogL: -129606
Threads: 5 / Time: 20.851 sec / Speedup: 3.218 / Efficiency: 64% / LogL: -129606
Threads: 6 / Time: 18.915 sec / Speedup: 3.548 / Efficiency: 59% / LogL: -129606
Threads: 7 / Time: 17.668 sec / Speedup: 3.798 / Efficiency: 54% / LogL: -129606
Threads: 8 / Time: 16.546 sec / Speedup: 4.056 / Efficiency: 51% / LogL: -129606
Threads: 9 / Time: 15.743 sec / Speedup: 4.262 / Efficiency: 47% / LogL: -129606
BEST NUMBER OF THREADS: 8

Perform fast likelihood tree search using LG+I+G model...
Estimate model parameters (epsilon = 5.000)
Perform nearest neighbor interchange...
Estimate model parameters (epsilon = 1.000)
1. Initial log-likelihood: -57722.622
Optimal log-likelihood: -57722.443
Proportion of invariable sites: 0.000
Gamma shape alpha: 1.880
Parameters optimization took 1 rounds (0.411 sec)
Time for fast ML tree search: 9.408 seconds

NOTE: ModelFinder requires 337 MB RAM!
ModelFinder will test up to 546 protein models (sample size: 429) ...
 No. Model         -LnL         df  AIC          AICc         BIC
  1  LG            59451.166    1033 120968.333   2257212.333  125163.818
  2  LG+I          59451.058    1034 120970.117   2261350.117  125169.663
  3  LG+G4         57722.433    1034 117512.866   2257892.866  121712.412
  4  LG+I+G4       57722.428    1035 117514.855   2262034.855  121718.463
  5  LG+R2         58031.247    1035 118132.494   2262652.494  122336.101
  6  LG+R3         57807.612    1037 117689.225   2270501.225  121900.956
  7  LG+R4         57706.423    1039 117490.846   2278610.846  121710.700
  8  LG+R5         57697.204    1041 117476.408   2286920.408  121704.385
  9  LG+R6         57676.884    1043 117439.769   2295223.769  121675.868
 10  LG+R7         57677.593    1045 117445.185   2303585.185  121689.408
 22  LG+F+R6       57490.106    1062 117104.212   2374916.212  121417.479
 35  WAG+R6        57680.914    1043 117447.828   2295231.828  121683.928
 48  WAG+F+R6      57475.985    1062 117075.969   2374887.969  121389.236
 61  JTT+R6        57551.394    1043 117188.787   2294972.787  121424.887
 74  JTT+F+R6      57372.105    1062 116868.209   2374680.209  121181.477
 87  JTTDCMut+R6   57556.220    1043 117198.440   2294982.440  121434.540
100  JTTDCMut+F+R6 57380.279    1062 116884.558   2374696.558  121197.826
113  DCMut+R6      58486.650    1043 119059.299   2296843.299  123295.399
126  DCMut+F+R6    58170.125    1062 118464.250   2376276.250  122777.517
139  VT+R6         57694.655    1043 117475.310   2295259.310  121711.410
152  VT+F+R6       57525.418    1062 117174.835   2374986.835  121488.103
165  PMB+R6        58251.401    1043 118588.802   2296372.802  122824.901
178  PMB+F+R6      58296.794    1062 118717.589   2376529.589  123030.856
191  Blosum62+R6   58364.482    1043 118814.963   2296598.963  123051.063
204  Blosum62+F+R6 58295.304    1062 118714.608   2376526.608  123027.875
217  Dayhoff+R6    58485.790    1043 119057.581   2296841.581  123293.680
230  Dayhoff+F+R6  58168.847    1062 118461.693   2376273.693  122774.960
243  mtREV+R6      60534.680    1043 123155.359   2300939.359  127391.459
256  mtREV+F+R6    58442.600    1062 119009.200   2376821.200  123322.468
269  mtART+R6      62603.532    1043 127293.065   2305077.065  131529.164
282  mtART+F+R6    60366.220    1062 122856.440   2380668.440  127169.707
295  mtZOA+R6      60465.126    1043 123016.251   2300800.251  127252.351
308  mtZOA+F+R6    58906.092    1062 119936.185   2377748.185  124249.452
321  mtMet+R6      60340.656    1043 122767.312   2300551.312  127003.412
334  mtMet+F+R6    58301.537    1062 118727.075   2376539.075  123040.342
347  mtVer+R6      60993.793    1043 124073.585   2301857.585  128309.685
360  mtVer+F+R6    59127.399    1062 120378.799   2378190.799  124692.066
373  mtInv+R6      60620.062    1043 123326.123   2301110.123  127562.223
386  mtInv+F+R6    58027.955    1062 118179.911   2375991.911  122493.178
399  mtMAM+R6      62304.815    1043 126695.630   2304479.630  130931.729
412  mtMAM+F+R6    60081.457    1062 122286.914   2380098.914  126600.181
425  HIVb+R6       59192.796    1043 120471.591   2298255.591  124707.691
438  HIVb+F+R6     58933.699    1062 119991.398   2377803.398  124304.666
451  HIVw+R6       61631.079    1043 125348.158   2303132.158  129584.257
464  HIVw+F+R6     60697.960    1062 123519.920   2381331.920  127833.187
477  FLU+R6        59037.327    1043 120160.653   2297944.653  124396.753
490  FLU+F+R6      58753.712    1062 119631.423   2377443.423  123944.690
503  rtREV+R6      58208.564    1043 118503.128   2296287.128  122739.228
516  rtREV+F+R6    57934.022    1062 117992.044   2375804.044  122305.311
529  cpREV+R6      58146.511    1043 118379.023   2296163.023  122615.123
542  cpREV+F+R6    57906.426    1062 117936.853   2375748.853  122250.120
Akaike Information Criterion:           JTT+F+R6
Corrected Akaike Information Criterion: LG
Bayesian Information Criterion:         JTT+F+R6
Best-fit model: JTT+F+R6 chosen according to BIC

All model information printed to Zm_LTRRT.rexdb-plant.cls.pep.RT.aln.model.gz
CPU time for ModelFinder: 8911.434 seconds (2h:28m:31s)
Wall-clock time for ModelFinder: 1167.473 seconds (0h:19m:27s)
Generating 1000 samples for ultrafast bootstrap (seed: 434937)...

NOTE: 203 MB RAM (0 GB) is required!
Estimate model parameters (epsilon = 0.100)
1. Initial log-likelihood: -57372.105
Optimal log-likelihood: -57372.077
Site proportion and rates:  (0.134,0.264) (0.165,0.456) (0.318,0.714) (0.161,1.214) (0.115,1.761) (0.108,2.463)
Parameters optimization took 1 rounds (2.091 sec)
Computing ML distances based on estimated model parameters... 35.349 sec
WARNING: Some pairwise ML distances are too long (saturated)
Computing BIONJ tree...
0.182 seconds
Log-likelihood of BIONJ tree: -61878.848
--------------------------------------------------------------------
|             INITIALIZING CANDIDATE TREE SET                      |
--------------------------------------------------------------------
Generating 98 parsimony trees... 11.330 second
Computing log-likelihood of 98 initial trees ... 21.502 seconds
Current best score: -57372.077

Do NNI search on 20 best initial trees
Estimate model parameters (epsilon = 0.100)
BETTER TREE FOUND at iteration 1: -57306.424
Estimate model parameters (epsilon = 0.100)
BETTER TREE FOUND at iteration 2: -57050.378
Estimate model parameters (epsilon = 0.100)
BETTER TREE FOUND at iteration 10: -56998.312
Iteration 10 / LogL: -56998.312 / Time: 0h:3m:20s
Iteration 20 / LogL: -57142.518 / Time: 0h:5m:54s
Finish initializing candidate tree set (20)
Current best tree score: -56998.312 / CPU time: 343.398
Number of iterations: 20
--------------------------------------------------------------------
|               OPTIMIZING CANDIDATE TREE SET                      |
--------------------------------------------------------------------
Estimate model parameters (epsilon = 0.100)
BETTER TREE FOUND at iteration 21: -56940.699
Estimate model parameters (epsilon = 0.100)
BETTER TREE FOUND at iteration 24: -56932.045
Estimate model parameters (epsilon = 0.100)
BETTER TREE FOUND at iteration 28: -56898.270
Iteration 30 / LogL: -56913.359 / Time: 0h:7m:34s (0h:25m:35s left)
Estimate model parameters (epsilon = 0.100)
BETTER TREE FOUND at iteration 34: -56892.259
Iteration 40 / LogL: -56917.880 / Time: 0h:9m:3s (0h:21m:50s left)
Iteration 50 / LogL: -56940.699 / Time: 0h:10m:18s (0h:17m:40s left)
Log-likelihood cutoff on original alignment: -57009.668
Estimate model parameters (epsilon = 0.100)
BETTER TREE FOUND at iteration 51: -56888.952
Estimate model parameters (epsilon = 0.100)
BETTER TREE FOUND at iteration 52: -56882.065
Estimate model parameters (epsilon = 0.100)
BETTER TREE FOUND at iteration 56: -56869.323
Iteration 60 / LogL: -56926.850 / Time: 0h:11m:57s (0h:19m:26s left)
Iteration 70 / LogL: -56919.225 / Time: 0h:13m:20s (0h:16m:37s left)
Iteration 80 / LogL: -56884.177 / Time: 0h:14m:48s (0h:14m:14s left)
Estimate model parameters (epsilon = 0.100)
BETTER TREE FOUND at iteration 82: -56869.168
Iteration 90 / LogL: -56872.171 / Time: 0h:16m:16s (0h:16m:49s left)
Estimate model parameters (epsilon = 0.100)
BETTER TREE FOUND at iteration 99: -56865.251
Iteration 100 / LogL: -56925.109 / Time: 0h:17m:36s (0h:17m:36s left)
Log-likelihood cutoff on original alignment: -57009.668
NOTE: Bootstrap correlation coefficient of split occurrence frequencies: 0.948
NOTE: UFBoot does not converge, continue at least 100 more iterations
Iteration 110 / LogL: -56876.706 / Time: 0h:19m:3s (0h:15m:44s left)
Iteration 120 / LogL: -56875.871 / Time: 0h:20m:30s (0h:13m:47s left)
Estimate model parameters (epsilon = 0.100)
BETTER TREE FOUND at iteration 129: -56864.261
Iteration 130 / LogL: -56874.576 / Time: 0h:22m:1s (0h:16m:54s left)
Estimate model parameters (epsilon = 0.100)
BETTER TREE FOUND at iteration 133: -56857.431
Iteration 140 / LogL: -56891.310 / Time: 0h:23m:32s (0h:15m:44s left)
Iteration 150 / LogL: -56885.223 / Time: 0h:25m:2s (0h:13m:57s left)
Log-likelihood cutoff on original alignment: -57001.454
Estimate model parameters (epsilon = 0.100)
BETTER TREE FOUND at iteration 155: -56856.674
Iteration 160 / LogL: -56882.895 / Time: 0h:26m:41s (0h:15m:56s left)
Iteration 170 / LogL: -56865.202 / Time: 0h:28m:13s (0h:14m:11s left)
Iteration 180 / LogL: -56868.325 / Time: 0h:29m:49s (0h:12m:29s left)
Estimate model parameters (epsilon = 0.100)
BETTER TREE FOUND at iteration 184: -56850.591
Iteration 190 / LogL: -56859.670 / Time: 0h:31m:29s (0h:15m:39s left)
Iteration 200 / LogL: -56859.694 / Time: 0h:33m:4s (0h:13m:57s left)
Log-likelihood cutoff on original alignment: -57001.454
NOTE: Bootstrap correlation coefficient of split occurrence frequencies: 0.963
NOTE: UFBoot does not converge, continue at least 100 more iterations
Iteration 210 / LogL: -56878.131 / Time: 0h:34m:44s (0h:14m:57s left)
Iteration 220 / LogL: -56881.604 / Time: 0h:36m:16s (0h:13m:15s left)
Iteration 230 / LogL: -56863.081 / Time: 0h:37m:48s (0h:11m:33s left)
Estimate model parameters (epsilon = 0.100)
BETTER TREE FOUND at iteration 238: -56841.978
Iteration 240 / LogL: -56872.507 / Time: 0h:39m:26s (0h:16m:10s left)
Estimate model parameters (epsilon = 0.100)
BETTER TREE FOUND at iteration 247: -56839.428
Iteration 250 / LogL: -56882.241 / Time: 0h:40m:59s (0h:15m:58s left)
Log-likelihood cutoff on original alignment: -57001.454
Estimate model parameters (epsilon = 0.100)
BETTER TREE FOUND at iteration 254: -56837.379
Estimate model parameters (epsilon = 0.100)
BETTER TREE FOUND at iteration 260: -56834.852
Iteration 260 / LogL: -56834.852 / Time: 0h:42m:34s (0h:16m:26s left)
Iteration 270 / LogL: -56897.189 / Time: 0h:44m:0s (0h:14m:43s left)
Estimate model parameters (epsilon = 0.100)
BETTER TREE FOUND at iteration 274: -56833.424
Iteration 280 / LogL: -56853.118 / Time: 0h:45m:30s (0h:15m:19s left)
Iteration 290 / LogL: -56860.339 / Time: 0h:46m:52s (0h:13m:37s left)
Estimate model parameters (epsilon = 0.100)
BETTER TREE FOUND at iteration 296: -56832.142
Iteration 300 / LogL: -56842.017 / Time: 0h:48m:22s (0h:15m:31s left)
Log-likelihood cutoff on original alignment: -56941.057
NOTE: Bootstrap correlation coefficient of split occurrence frequencies: 0.944
NOTE: UFBoot does not converge, continue at least 100 more iterations
Iteration 310 / LogL: -56864.168 / Time: 0h:49m:52s (0h:14m:31s left)
Iteration 320 / LogL: -56866.576 / Time: 0h:51m:15s (0h:12m:51s left)
Iteration 330 / LogL: -56850.529 / Time: 0h:52m:39s (0h:11m:12s left)
Iteration 340 / LogL: -56832.301 / Time: 0h:54m:1s (0h:9m:33s left)
Iteration 350 / LogL: -56905.960 / Time: 0h:55m:21s (0h:7m:55s left)
Log-likelihood cutoff on original alignment: -56941.057
Iteration 360 / LogL: -56843.918 / Time: 0h:56m:47s (0h:6m:19s left)
Iteration 370 / LogL: -56840.259 / Time: 0h:58m:12s (0h:4m:43s left)
Iteration 380 / LogL: -56907.098 / Time: 0h:59m:38s (0h:3m:8s left)
Iteration 390 / LogL: -56880.846 / Time: 1h:1m:3s (0h:1m:34s left)
Iteration 400 / LogL: -56844.879 / Time: 1h:2m:27s (0h:0m:0s left)
Log-likelihood cutoff on original alignment: -56941.057
NOTE: Bootstrap correlation coefficient of split occurrence frequencies: 0.951
NOTE: UFBoot does not converge, continue at least 100 more iterations
Iteration 410 / LogL: -56859.496 / Time: 1h:3m:52s (0h:14m:3s left)
Iteration 420 / LogL: -56837.982 / Time: 1h:5m:15s (0h:12m:27s left)
Iteration 430 / LogL: -56949.716 / Time: 1h:6m:40s (0h:10m:52s left)
Iteration 440 / LogL: -56898.690 / Time: 1h:8m:0s (0h:9m:17s left)
Estimate model parameters (epsilon = 0.100)
BETTER TREE FOUND at iteration 443: -56827.037
Estimate model parameters (epsilon = 0.100)
BETTER TREE FOUND at iteration 449: -56825.764
Iteration 450 / LogL: -56864.013 / Time: 1h:9m:26s (0h:15m:18s left)
Log-likelihood cutoff on original alignment: -56941.057
Estimate model parameters (epsilon = 0.100)
BETTER TREE FOUND at iteration 454: -56824.245
Iteration 460 / LogL: -56826.692 / Time: 1h:10m:46s (0h:14m:29s left)
Iteration 470 / LogL: -56829.486 / Time: 1h:12m:14s (0h:12m:56s left)
Iteration 480 / LogL: -56831.765 / Time: 1h:13m:41s (0h:11m:23s left)
Iteration 490 / LogL: -56834.775 / Time: 1h:15m:4s (0h:9m:49s left)
Iteration 500 / LogL: -56856.739 / Time: 1h:16m:25s (0h:8m:16s left)
Log-likelihood cutoff on original alignment: -56928.992
NOTE: Bootstrap correlation coefficient of split occurrence frequencies: 0.962
NOTE: UFBoot does not converge, continue at least 100 more iterations
Estimate model parameters (epsilon = 0.100)
BETTER TREE FOUND at iteration 505: -56820.012
Iteration 510 / LogL: -56820.755 / Time: 1h:18m:2s (0h:14m:33s left)
Iteration 520 / LogL: -56865.541 / Time: 1h:19m:27s (0h:13m:0s left)
Iteration 530 / LogL: -56830.310 / Time: 1h:20m:52s (0h:11m:27s left)
Estimate model parameters (epsilon = 0.100)
BETTER TREE FOUND at iteration 540: -56819.593
Iteration 540 / LogL: -56819.593 / Time: 1h:22m:25s (0h:15m:17s left)
Iteration 550 / LogL: -56838.543 / Time: 1h:23m:53s (0h:13m:45s left)
Log-likelihood cutoff on original alignment: -56928.992
Iteration 560 / LogL: -56885.200 / Time: 1h:25m:13s (0h:12m:11s left)
Iteration 570 / LogL: -56837.659 / Time: 1h:26m:45s (0h:10m:40s left)
Iteration 580 / LogL: -56831.043 / Time: 1h:28m:8s (0h:9m:7s left)
Iteration 590 / LogL: -56838.572 / Time: 1h:29m:34s (0h:7m:36s left)
Iteration 600 / LogL: -56832.693 / Time: 1h:30m:55s (0h:6m:4s left)
Log-likelihood cutoff on original alignment: -56928.992
NOTE: Bootstrap correlation coefficient of split occurrence frequencies: 0.980
NOTE: UFBoot does not converge, continue at least 100 more iterations
Iteration 610 / LogL: -56823.597 / Time: 1h:32m:26s (0h:13m:39s left)
Estimate model parameters (epsilon = 0.100)
BETTER TREE FOUND at iteration 612: -56818.886
Estimate model parameters (epsilon = 0.100)
BETTER TREE FOUND at iteration 614: -56816.058
Iteration 620 / LogL: -56832.429 / Time: 1h:33m:57s (0h:14m:16s left)
Iteration 630 / LogL: -56818.088 / Time: 1h:35m:20s (0h:12m:43s left)
Iteration 640 / LogL: -56838.160 / Time: 1h:36m:48s (0h:11m:12s left)
Iteration 650 / LogL: -56842.170 / Time: 1h:38m:15s (0h:9m:41s left)
Log-likelihood cutoff on original alignment: -56928.992
Iteration 660 / LogL: -56824.141 / Time: 1h:39m:45s (0h:8m:10s left)
Iteration 670 / LogL: -56838.922 / Time: 1h:41m:12s (0h:6m:39s left)
Iteration 680 / LogL: -56833.451 / Time: 1h:42m:45s (0h:5m:8s left)
Iteration 690 / LogL: -56841.215 / Time: 1h:44m:11s (0h:3m:37s left)
Iteration 700 / LogL: -56838.364 / Time: 1h:45m:41s (0h:2m:7s left)
Log-likelihood cutoff on original alignment: -56919.069
NOTE: Bootstrap correlation coefficient of split occurrence frequencies: 0.977
NOTE: UFBoot does not converge, continue at least 100 more iterations
Iteration 710 / LogL: -56844.850 / Time: 1h:47m:12s (0h:13m:36s left)
Iteration 720 / LogL: -56858.528 / Time: 1h:48m:36s (0h:12m:5s left)
Iteration 730 / LogL: -56835.053 / Time: 1h:50m:8s (0h:10m:34s left)
Iteration 740 / LogL: -57048.468 / Time: 1h:51m:32s (0h:9m:3s left)
Iteration 750 / LogL: -56827.756 / Time: 1h:53m:3s (0h:7m:32s left)
Log-likelihood cutoff on original alignment: -56919.069
Iteration 760 / LogL: -56829.764 / Time: 1h:54m:31s (0h:6m:2s left)
Iteration 770 / LogL: -56838.508 / Time: 1h:56m:4s (0h:4m:31s left)
Iteration 780 / LogL: -56838.177 / Time: 1h:57m:28s (0h:3m:0s left)
Iteration 790 / LogL: -56820.148 / Time: 1h:58m:44s (0h:1m:30s left)
Iteration 800 / LogL: -56850.651 / Time: 2h:0m:20s (0h:0m:0s left)
Log-likelihood cutoff on original alignment: -56919.069
NOTE: Bootstrap correlation coefficient of split occurrence frequencies: 0.975
NOTE: UFBoot does not converge, continue at least 100 more iterations
Iteration 810 / LogL: -56856.845 / Time: 2h:1m:51s (0h:13m:33s left)
Iteration 820 / LogL: -56821.101 / Time: 2h:3m:17s (0h:12m:2s left)
Iteration 830 / LogL: -56831.511 / Time: 2h:4m:44s (0h:10m:31s left)
Iteration 840 / LogL: -56854.778 / Time: 2h:6m:14s (0h:9m:1s left)
Iteration 850 / LogL: -56835.319 / Time: 2h:7m:39s (0h:7m:31s left)
Log-likelihood cutoff on original alignment: -56919.069
Iteration 860 / LogL: -56836.694 / Time: 2h:9m:12s (0h:6m:0s left)
Iteration 870 / LogL: -56824.884 / Time: 2h:10m:34s (0h:4m:30s left)
Iteration 880 / LogL: -56871.898 / Time: 2h:12m:1s (0h:3m:0s left)
Iteration 890 / LogL: -56824.390 / Time: 2h:13m:30s (0h:1m:30s left)
Iteration 900 / LogL: -56831.750 / Time: 2h:14m:56s (0h:0m:0s left)
Log-likelihood cutoff on original alignment: -56919.069
NOTE: Bootstrap correlation coefficient of split occurrence frequencies: 0.975
NOTE: UFBoot does not converge, continue at least 100 more iterations
Iteration 910 / LogL: -56823.166 / Time: 2h:16m:25s (0h:13m:30s left)
Iteration 920 / LogL: -56819.232 / Time: 2h:17m:50s (0h:11m:59s left)
Iteration 930 / LogL: -56864.481 / Time: 2h:19m:20s (0h:10m:29s left)
Iteration 940 / LogL: -56855.488 / Time: 2h:20m:49s (0h:8m:59s left)
Iteration 950 / LogL: -56902.151 / Time: 2h:22m:12s (0h:7m:29s left)
Log-likelihood cutoff on original alignment: -56919.069
Iteration 960 / LogL: -56825.648 / Time: 2h:23m:42s (0h:5m:59s left)
Iteration 970 / LogL: -56833.226 / Time: 2h:25m:13s (0h:4m:29s left)
Iteration 980 / LogL: -56833.688 / Time: 2h:26m:38s (0h:2m:59s left)
Iteration 990 / LogL: -56836.600 / Time: 2h:28m:8s (0h:1m:29s left)
Estimate model parameters (epsilon = 0.100)
BETTER TREE FOUND at iteration 996: -56813.166
Iteration 1000 / LogL: -56815.974 / Time: 2h:29m:34s (0h:14m:22s left)
Log-likelihood cutoff on original alignment: -56919.069
NOTE: Bootstrap correlation coefficient of split occurrence frequencies: 0.983
NOTE: UFBoot does not converge, continue at least 100 more iterations
WARNING: bootstrap analysis did not converge. You should rerun with higher number of iterations (-nm option)
TREE SEARCH COMPLETED AFTER 1001 ITERATIONS / Time: 2h:29m:44s

--------------------------------------------------------------------
|                    FINALIZING TREE SEARCH                        |
--------------------------------------------------------------------
Performs final model parameters optimization
Estimate model parameters (epsilon = 0.010)
1. Initial log-likelihood: -56813.166
Optimal log-likelihood: -56813.160
Site proportion and rates:  (0.106,0.251) (0.160,0.411) (0.342,0.695) (0.147,1.149) (0.130,1.691) (0.116,2.437)
Parameters optimization took 1 rounds (1.163 sec)
BEST SCORE FOUND : -56813.160
Creating bootstrap support values...
Split supports printed to NEXUS file Zm_LTRRT.rexdb-plant.cls.pep.RT.aln.splits.nex
Total tree length: 111.477

Total number of iterations: 1001
CPU time used for tree search: 70285.094 sec (19h:31m:25s)
Wall-clock time used for tree search: 8973.518 sec (2h:29m:33s)
Total CPU time used: 70379.108 sec (19h:32m:59s)
Total wall-clock time used: 8987.733 sec (2h:29m:47s)

Computing bootstrap consensus tree...
Reading input file Zm_LTRRT.rexdb-plant.cls.pep.RT.aln.splits.nex...
518 taxa and 4088 splits.
Consensus tree written to Zm_LTRRT.rexdb-plant.cls.pep.RT.aln.contree
Reading input trees file Zm_LTRRT.rexdb-plant.cls.pep.RT.aln.contree
Log-likelihood of consensus tree: -56815.389

Analysis results written to: 
  IQ-TREE report:                Zm_LTRRT.rexdb-plant.cls.pep.RT.aln.iqtree
  Maximum-likelihood tree:       Zm_LTRRT.rexdb-plant.cls.pep.RT.aln.treefile
  Likelihood distances:          Zm_LTRRT.rexdb-plant.cls.pep.RT.aln.mldist

Ultrafast bootstrap approximation results written to:
  Split support values:          Zm_LTRRT.rexdb-plant.cls.pep.RT.aln.splits.nex
  Consensus tree:                Zm_LTRRT.rexdb-plant.cls.pep.RT.aln.contree
  Screen log file:               Zm_LTRRT.rexdb-plant.cls.pep.RT.aln.log

Date and Time: Mon Nov  7 22:02:16 2022
